2023-03-11 09:09:35.459 [http-nio-60055-exec-3] ERROR c.j.cloud.common.exception.GlobalExceptionAdvice - 请求接口：/bdmpPublic/bdmp/public/user/getUserMenuTree
2023-03-11 09:09:35.460 [http-nio-60055-exec-3] ERROR c.j.cloud.common.exception.GlobalExceptionAdvice - 请求参数：{"appId":["1"],"isUserPermissions":["true"]}
2023-03-11 09:09:35.460 [http-nio-60055-exec-3] ERROR c.j.cloud.common.exception.GlobalExceptionAdvice - 错误信息：
### Error querying database.  Cause: java.sql.SQLSyntaxErrorException: Table 'admin_config_service.t_bdmp_sys_resource' doesn't exist
### The error may exist in file [D:\work\bdmp-server - 副本\bdmp-public\target\classes\mapper\system\SystemMapper.xml]
### The error may involve defaultParameterMap
### The error occurred while setting parameters
### SQL: SELECT             resource_id,resource_title,parent_id,resource_type,app_id,external_link,external_link_url,external_link_open,CACHE,hidden,path,component_name,component_path,icon,permission,description,sort,datastatusid,create_by,create_time,update_by,update_time         FROM             t_bdmp_sys_resource resource         WHERE             app_id = ?
### Cause: java.sql.SQLSyntaxErrorException: Table 'admin_config_service.t_bdmp_sys_resource' doesn't exist
; bad SQL grammar []; nested exception is java.sql.SQLSyntaxErrorException: Table 'admin_config_service.t_bdmp_sys_resource' doesn't exist
2023-03-11 09:13:03.066 [http-nio-60055-exec-5] ERROR c.j.cloud.common.exception.GlobalExceptionAdvice - 请求接口：/bdmpPublic/bdmp/public/user/getUserMenuTree
2023-03-11 09:13:03.067 [http-nio-60055-exec-5] ERROR c.j.cloud.common.exception.GlobalExceptionAdvice - 请求参数：{"appId":["1"],"isUserPermissions":["true"]}
2023-03-11 09:13:03.067 [http-nio-60055-exec-5] ERROR c.j.cloud.common.exception.GlobalExceptionAdvice - 错误信息：
### Error querying database.  Cause: java.sql.SQLSyntaxErrorException: Table 'admin_config_service.t_bdmp_sys_resource' doesn't exist
### The error may exist in file [D:\work\bdmp-server - 副本\bdmp-public\target\classes\mapper\system\SystemMapper.xml]
### The error may involve defaultParameterMap
### The error occurred while setting parameters
### SQL: SELECT             resource_id,resource_title,parent_id,resource_type,app_id,external_link,external_link_url,external_link_open,CACHE,hidden,path,component_name,component_path,icon,permission,description,sort,datastatusid,create_by,create_time,update_by,update_time         FROM             t_bdmp_sys_resource resource         WHERE             app_id = ?
### Cause: java.sql.SQLSyntaxErrorException: Table 'admin_config_service.t_bdmp_sys_resource' doesn't exist
; bad SQL grammar []; nested exception is java.sql.SQLSyntaxErrorException: Table 'admin_config_service.t_bdmp_sys_resource' doesn't exist
2023-03-11 09:13:14.782 [http-nio-60055-exec-6] ERROR c.j.cloud.common.exception.GlobalExceptionAdvice - 请求接口：/bdmpPublic/bdmp/public/user/getUserMenuTree
2023-03-11 09:13:14.782 [http-nio-60055-exec-6] ERROR c.j.cloud.common.exception.GlobalExceptionAdvice - 请求参数：{"appId":["1"],"isUserPermissions":["true"]}
2023-03-11 09:13:14.782 [http-nio-60055-exec-6] ERROR c.j.cloud.common.exception.GlobalExceptionAdvice - 错误信息：
### Error querying database.  Cause: java.sql.SQLSyntaxErrorException: Table 'admin_config_service.t_bdmp_sys_resource' doesn't exist
### The error may exist in file [D:\work\bdmp-server - 副本\bdmp-public\target\classes\mapper\system\SystemMapper.xml]
### The error may involve defaultParameterMap
### The error occurred while setting parameters
### SQL: SELECT             resource_id,resource_title,parent_id,resource_type,app_id,external_link,external_link_url,external_link_open,CACHE,hidden,path,component_name,component_path,icon,permission,description,sort,datastatusid,create_by,create_time,update_by,update_time         FROM             t_bdmp_sys_resource resource         WHERE             app_id = ?
### Cause: java.sql.SQLSyntaxErrorException: Table 'admin_config_service.t_bdmp_sys_resource' doesn't exist
; bad SQL grammar []; nested exception is java.sql.SQLSyntaxErrorException: Table 'admin_config_service.t_bdmp_sys_resource' doesn't exist
2023-03-11 11:01:03.748 [http-nio-60055-exec-8] ERROR c.j.cloud.common.exception.GlobalExceptionAdvice - 请求接口：/bdmpPublic/bdmp/public/user/getUserMenuTree
2023-03-11 11:01:03.748 [http-nio-60055-exec-8] ERROR c.j.cloud.common.exception.GlobalExceptionAdvice - 请求参数：{"appId":["1"],"isUserPermissions":["true"]}
2023-03-11 11:01:03.748 [http-nio-60055-exec-8] ERROR c.j.cloud.common.exception.GlobalExceptionAdvice - 错误信息：
### Error querying database.  Cause: java.sql.SQLSyntaxErrorException: Table 'admin_config_service.t_bdmp_sys_resource' doesn't exist
### The error may exist in file [D:\work\bdmp-server - 副本\bdmp-public\target\classes\mapper\system\SystemMapper.xml]
### The error may involve defaultParameterMap
### The error occurred while setting parameters
### SQL: SELECT             resource_id,resource_title,parent_id,resource_type,app_id,external_link,external_link_url,external_link_open,CACHE,hidden,path,component_name,component_path,icon,permission,description,sort,datastatusid,create_by,create_time,update_by,update_time         FROM             t_bdmp_sys_resource resource         WHERE             app_id = ?
### Cause: java.sql.SQLSyntaxErrorException: Table 'admin_config_service.t_bdmp_sys_resource' doesn't exist
; bad SQL grammar []; nested exception is java.sql.SQLSyntaxErrorException: Table 'admin_config_service.t_bdmp_sys_resource' doesn't exist
2023-03-11 11:03:32.110 [com.alibaba.nacos.naming.push.receiver] ERROR com.alibaba.nacos.client.naming - [NA] error while receiving push data
java.net.SocketException: socket closed
	at java.net.DualStackPlainDatagramSocketImpl.socketReceiveOrPeekData(Native Method)
	at java.net.DualStackPlainDatagramSocketImpl.receive0(DualStackPlainDatagramSocketImpl.java:124)
	at java.net.AbstractPlainDatagramSocketImpl.receive(AbstractPlainDatagramSocketImpl.java:149)
	at java.net.DatagramSocket.receive(DatagramSocket.java:812)
	at com.alibaba.nacos.client.naming.core.PushReceiver.run(PushReceiver.java:83)
	at java.util.concurrent.Executors$RunnableAdapter.call(Executors.java:511)
	at java.util.concurrent.FutureTask.run$$$capture(FutureTask.java:266)
	at java.util.concurrent.FutureTask.run(FutureTask.java)
	at java.util.concurrent.ScheduledThreadPoolExecutor$ScheduledFutureTask.access$201(ScheduledThreadPoolExecutor.java:180)
	at java.util.concurrent.ScheduledThreadPoolExecutor$ScheduledFutureTask.run(ScheduledThreadPoolExecutor.java:293)
	at java.util.concurrent.ThreadPoolExecutor.runWorker(ThreadPoolExecutor.java:1149)
	at java.util.concurrent.ThreadPoolExecutor$Worker.run(ThreadPoolExecutor.java:624)
	at java.lang.Thread.run(Thread.java:750)
2023-03-11 11:03:36.032 [restartedMain] ERROR org.springframework.boot.SpringApplication - Application run failed
org.springframework.beans.factory.UnsatisfiedDependencyException: Error creating bean with name 'dataSourcesServiceImpl': Unsatisfied dependency expressed through field 'dataSourcesMapper'; nested exception is org.springframework.beans.factory.UnsatisfiedDependencyException: Error creating bean with name 'dataSourcesMapper' defined in URL [jar:file:/E:/maven/mvnresp/com/jtkj/Common-MultiTenantDB/0.0.1-SNAPSHOT/Common-MultiTenantDB-0.0.1-SNAPSHOT.jar!/com/jtkj/cloud/db/datasources/mapper/DataSourcesMapper.class]: Unsatisfied dependency expressed through bean property 'sqlSessionFactory'; nested exception is org.springframework.beans.factory.UnsatisfiedDependencyException: Error creating bean with name 'sqlSessionFactory' defined in class path resource [com/baomidou/mybatisplus/autoconfigure/MybatisPlusAutoConfiguration.class]: Unsatisfied dependency expressed through method 'sqlSessionFactory' parameter 0; nested exception is org.springframework.beans.factory.BeanCreationException: Error creating bean with name 'dataSource' defined in class path resource [com/jtkj/cloud/db/datasources/config/DynamicDataSourceConfig.class]: Bean instantiation via factory method failed; nested exception is org.springframework.beans.BeanInstantiationException: Failed to instantiate [com.jtkj.cloud.db.datasources.core.DynamicDataSource]: Factory method 'dynamicDataSource' threw exception; nested exception is java.lang.NullPointerException
	at org.springframework.beans.factory.annotation.AutowiredAnnotationBeanPostProcessor$AutowiredFieldElement.inject(AutowiredAnnotationBeanPostProcessor.java:643)
	at org.springframework.beans.factory.annotation.InjectionMetadata.inject(InjectionMetadata.java:130)
	at org.springframework.beans.factory.annotation.AutowiredAnnotationBeanPostProcessor.postProcessProperties(AutowiredAnnotationBeanPostProcessor.java:399)
	at org.springframework.beans.factory.support.AbstractAutowireCapableBeanFactory.populateBean(AbstractAutowireCapableBeanFactory.java:1420)
	at org.springframework.beans.factory.support.AbstractAutowireCapableBeanFactory.doCreateBean(AbstractAutowireCapableBeanFactory.java:593)
	at org.springframework.beans.factory.support.AbstractAutowireCapableBeanFactory.createBean(AbstractAutowireCapableBeanFactory.java:516)
	at org.springframework.beans.factory.support.AbstractBeanFactory.lambda$doGetBean$0(AbstractBeanFactory.java:324)
	at org.springframework.beans.factory.support.DefaultSingletonBeanRegistry.getSingleton(DefaultSingletonBeanRegistry.java:234)
	at org.springframework.beans.factory.support.AbstractBeanFactory.doGetBean(AbstractBeanFactory.java:322)
	at org.springframework.beans.factory.support.AbstractBeanFactory.getBean(AbstractBeanFactory.java:202)
	at org.springframework.beans.factory.support.DefaultListableBeanFactory.preInstantiateSingletons(DefaultListableBeanFactory.java:897)
	at org.springframework.context.support.AbstractApplicationContext.finishBeanFactoryInitialization(AbstractApplicationContext.java:879)
	at org.springframework.context.support.AbstractApplicationContext.refresh(AbstractApplicationContext.java:551)
	at org.springframework.boot.web.servlet.context.ServletWebServerApplicationContext.refresh(ServletWebServerApplicationContext.java:143)
	at org.springframework.boot.SpringApplication.refresh(SpringApplication.java:758)
	at org.springframework.boot.SpringApplication.refresh(SpringApplication.java:750)
	at org.springframework.boot.SpringApplication.refreshContext(SpringApplication.java:397)
	at org.springframework.boot.SpringApplication.run(SpringApplication.java:315)
	at org.springframework.boot.SpringApplication.run(SpringApplication.java:1237)
	at org.springframework.boot.SpringApplication.run(SpringApplication.java:1226)
	at com.rhy.bdmp.open.BdmpPublicApplication.main(BdmpPublicApplication.java:44)
	at sun.reflect.NativeMethodAccessorImpl.invoke0(Native Method)
	at sun.reflect.NativeMethodAccessorImpl.invoke(NativeMethodAccessorImpl.java:62)
	at sun.reflect.DelegatingMethodAccessorImpl.invoke(DelegatingMethodAccessorImpl.java:43)
	at java.lang.reflect.Method.invoke(Method.java:498)
	at org.springframework.boot.devtools.restart.RestartLauncher.run(RestartLauncher.java:49)
Caused by: org.springframework.beans.factory.UnsatisfiedDependencyException: Error creating bean with name 'dataSourcesMapper' defined in URL [jar:file:/E:/maven/mvnresp/com/jtkj/Common-MultiTenantDB/0.0.1-SNAPSHOT/Common-MultiTenantDB-0.0.1-SNAPSHOT.jar!/com/jtkj/cloud/db/datasources/mapper/DataSourcesMapper.class]: Unsatisfied dependency expressed through bean property 'sqlSessionFactory'; nested exception is org.springframework.beans.factory.UnsatisfiedDependencyException: Error creating bean with name 'sqlSessionFactory' defined in class path resource [com/baomidou/mybatisplus/autoconfigure/MybatisPlusAutoConfiguration.class]: Unsatisfied dependency expressed through method 'sqlSessionFactory' parameter 0; nested exception is org.springframework.beans.factory.BeanCreationException: Error creating bean with name 'dataSource' defined in class path resource [com/jtkj/cloud/db/datasources/config/DynamicDataSourceConfig.class]: Bean instantiation via factory method failed; nested exception is org.springframework.beans.BeanInstantiationException: Failed to instantiate [com.jtkj.cloud.db.datasources.core.DynamicDataSource]: Factory method 'dynamicDataSource' threw exception; nested exception is java.lang.NullPointerException
	at org.springframework.beans.factory.support.AbstractAutowireCapableBeanFactory.autowireByType(AbstractAutowireCapableBeanFactory.java:1524)
	at org.springframework.beans.factory.support.AbstractAutowireCapableBeanFactory.populateBean(AbstractAutowireCapableBeanFactory.java:1404)
	at org.springframework.beans.factory.support.AbstractAutowireCapableBeanFactory.doCreateBean(AbstractAutowireCapableBeanFactory.java:593)
	at org.springframework.beans.factory.support.AbstractAutowireCapableBeanFactory.createBean(AbstractAutowireCapableBeanFactory.java:516)
	at org.springframework.beans.factory.support.AbstractBeanFactory.lambda$doGetBean$0(AbstractBeanFactory.java:324)
	at org.springframework.beans.factory.support.DefaultSingletonBeanRegistry.getSingleton(DefaultSingletonBeanRegistry.java:234)
	at org.springframework.beans.factory.support.AbstractBeanFactory.doGetBean(AbstractBeanFactory.java:322)
	at org.springframework.beans.factory.support.AbstractBeanFactory.getBean(AbstractBeanFactory.java:202)
	at org.springframework.beans.factory.config.DependencyDescriptor.resolveCandidate(DependencyDescriptor.java:276)
	at org.springframework.beans.factory.support.DefaultListableBeanFactory.doResolveDependency(DefaultListableBeanFactory.java:1307)
	at org.springframework.beans.factory.support.DefaultListableBeanFactory.resolveDependency(DefaultListableBeanFactory.java:1227)
	at org.springframework.beans.factory.annotation.AutowiredAnnotationBeanPostProcessor$AutowiredFieldElement.inject(AutowiredAnnotationBeanPostProcessor.java:640)
	... 25 common frames omitted
Caused by: org.springframework.beans.factory.UnsatisfiedDependencyException: Error creating bean with name 'sqlSessionFactory' defined in class path resource [com/baomidou/mybatisplus/autoconfigure/MybatisPlusAutoConfiguration.class]: Unsatisfied dependency expressed through method 'sqlSessionFactory' parameter 0; nested exception is org.springframework.beans.factory.BeanCreationException: Error creating bean with name 'dataSource' defined in class path resource [com/jtkj/cloud/db/datasources/config/DynamicDataSourceConfig.class]: Bean instantiation via factory method failed; nested exception is org.springframework.beans.BeanInstantiationException: Failed to instantiate [com.jtkj.cloud.db.datasources.core.DynamicDataSource]: Factory method 'dynamicDataSource' threw exception; nested exception is java.lang.NullPointerException
	at org.springframework.beans.factory.support.ConstructorResolver.createArgumentArray(ConstructorResolver.java:797)
	at org.springframework.beans.factory.support.ConstructorResolver.instantiateUsingFactoryMethod(ConstructorResolver.java:538)
	at org.springframework.beans.factory.support.AbstractAutowireCapableBeanFactory.instantiateUsingFactoryMethod(AbstractAutowireCapableBeanFactory.java:1336)
	at org.springframework.beans.factory.support.AbstractAutowireCapableBeanFactory.createBeanInstance(AbstractAutowireCapableBeanFactory.java:1176)
	at org.springframework.beans.factory.support.AbstractAutowireCapableBeanFactory.doCreateBean(AbstractAutowireCapableBeanFactory.java:556)
	at org.springframework.beans.factory.support.AbstractAutowireCapableBeanFactory.createBean(AbstractAutowireCapableBeanFactory.java:516)
	at org.springframework.beans.factory.support.AbstractBeanFactory.lambda$doGetBean$0(AbstractBeanFactory.java:324)
	at org.springframework.beans.factory.support.DefaultSingletonBeanRegistry.getSingleton(DefaultSingletonBeanRegistry.java:234)
	at org.springframework.beans.factory.support.AbstractBeanFactory.doGetBean(AbstractBeanFactory.java:322)
	at org.springframework.beans.factory.support.AbstractBeanFactory.getBean(AbstractBeanFactory.java:202)
	at org.springframework.beans.factory.config.DependencyDescriptor.resolveCandidate(DependencyDescriptor.java:276)
	at org.springframework.beans.factory.support.DefaultListableBeanFactory.doResolveDependency(DefaultListableBeanFactory.java:1307)
	at org.springframework.beans.factory.support.DefaultListableBeanFactory.resolveDependency(DefaultListableBeanFactory.java:1227)
	at org.springframework.beans.factory.support.AbstractAutowireCapableBeanFactory.autowireByType(AbstractAutowireCapableBeanFactory.java:1509)
	... 36 common frames omitted
Caused by: org.springframework.beans.factory.BeanCreationException: Error creating bean with name 'dataSource' defined in class path resource [com/jtkj/cloud/db/datasources/config/DynamicDataSourceConfig.class]: Bean instantiation via factory method failed; nested exception is org.springframework.beans.BeanInstantiationException: Failed to instantiate [com.jtkj.cloud.db.datasources.core.DynamicDataSource]: Factory method 'dynamicDataSource' threw exception; nested exception is java.lang.NullPointerException
	at org.springframework.beans.factory.support.ConstructorResolver.instantiate(ConstructorResolver.java:655)
	at org.springframework.beans.factory.support.ConstructorResolver.instantiateUsingFactoryMethod(ConstructorResolver.java:483)
	at org.springframework.beans.factory.support.AbstractAutowireCapableBeanFactory.instantiateUsingFactoryMethod(AbstractAutowireCapableBeanFactory.java:1336)
	at org.springframework.beans.factory.support.AbstractAutowireCapableBeanFactory.createBeanInstance(AbstractAutowireCapableBeanFactory.java:1176)
	at org.springframework.beans.factory.support.AbstractAutowireCapableBeanFactory.doCreateBean(AbstractAutowireCapableBeanFactory.java:556)
	at org.springframework.beans.factory.support.AbstractAutowireCapableBeanFactory.createBean(AbstractAutowireCapableBeanFactory.java:516)
	at org.springframework.beans.factory.support.AbstractBeanFactory.lambda$doGetBean$0(AbstractBeanFactory.java:324)
	at org.springframework.beans.factory.support.DefaultSingletonBeanRegistry.getSingleton(DefaultSingletonBeanRegistry.java:234)
	at org.springframework.beans.factory.support.AbstractBeanFactory.doGetBean(AbstractBeanFactory.java:322)
	at org.springframework.beans.factory.support.AbstractBeanFactory.getBean(AbstractBeanFactory.java:202)
	at org.springframework.beans.factory.config.DependencyDescriptor.resolveCandidate(DependencyDescriptor.java:276)
	at org.springframework.beans.factory.support.DefaultListableBeanFactory.doResolveDependency(DefaultListableBeanFactory.java:1307)
	at org.springframework.beans.factory.support.DefaultListableBeanFactory.resolveDependency(DefaultListableBeanFactory.java:1227)
	at org.springframework.beans.factory.support.ConstructorResolver.resolveAutowiredArgument(ConstructorResolver.java:884)
	at org.springframework.beans.factory.support.ConstructorResolver.createArgumentArray(ConstructorResolver.java:788)
	... 49 common frames omitted
Caused by: org.springframework.beans.BeanInstantiationException: Failed to instantiate [com.jtkj.cloud.db.datasources.core.DynamicDataSource]: Factory method 'dynamicDataSource' threw exception; nested exception is java.lang.NullPointerException
	at org.springframework.beans.factory.support.SimpleInstantiationStrategy.instantiate(SimpleInstantiationStrategy.java:185)
	at org.springframework.beans.factory.support.ConstructorResolver.instantiate(ConstructorResolver.java:650)
	... 63 common frames omitted
Caused by: java.lang.NullPointerException: null
	at com.jtkj.cloud.common.utils.SmEncoder.sm2Decode(SmEncoder.java:103)
	at com.jtkj.cloud.db.datasources.config.DynamicDataSourceConfig.masterDataSource(DynamicDataSourceConfig.java:53)
	at com.jtkj.cloud.db.datasources.config.DynamicDataSourceConfig.dynamicDataSource(DynamicDataSourceConfig.java:75)
	at com.jtkj.cloud.db.datasources.config.DynamicDataSourceConfig$$EnhancerBySpringCGLIB$$a90288d.CGLIB$dynamicDataSource$1(<generated>)
	at com.jtkj.cloud.db.datasources.config.DynamicDataSourceConfig$$EnhancerBySpringCGLIB$$a90288d$$FastClassBySpringCGLIB$$faeb9a8a.invoke(<generated>)
	at org.springframework.cglib.proxy.MethodProxy.invokeSuper(MethodProxy.java:244)
	at org.springframework.context.annotation.ConfigurationClassEnhancer$BeanMethodInterceptor.intercept(ConfigurationClassEnhancer.java:331)
	at com.jtkj.cloud.db.datasources.config.DynamicDataSourceConfig$$EnhancerBySpringCGLIB$$a90288d.dynamicDataSource(<generated>)
	at sun.reflect.NativeMethodAccessorImpl.invoke0(Native Method)
	at sun.reflect.NativeMethodAccessorImpl.invoke(NativeMethodAccessorImpl.java:62)
	at sun.reflect.DelegatingMethodAccessorImpl.invoke(DelegatingMethodAccessorImpl.java:43)
	at java.lang.reflect.Method.invoke(Method.java:498)
	at org.springframework.beans.factory.support.SimpleInstantiationStrategy.instantiate(SimpleInstantiationStrategy.java:154)
	... 64 common frames omitted
2023-03-11 11:03:46.134 [restartedMain] ERROR org.springframework.boot.SpringApplication - Application run failed
org.springframework.beans.factory.UnsatisfiedDependencyException: Error creating bean with name 'dataSourcesServiceImpl': Unsatisfied dependency expressed through field 'dataSourcesMapper'; nested exception is org.springframework.beans.factory.UnsatisfiedDependencyException: Error creating bean with name 'dataSourcesMapper' defined in URL [jar:file:/E:/maven/mvnresp/com/jtkj/Common-MultiTenantDB/0.0.1-SNAPSHOT/Common-MultiTenantDB-0.0.1-SNAPSHOT.jar!/com/jtkj/cloud/db/datasources/mapper/DataSourcesMapper.class]: Unsatisfied dependency expressed through bean property 'sqlSessionFactory'; nested exception is org.springframework.beans.factory.BeanCreationException: Error creating bean with name 'sqlSessionFactory' defined in class path resource [com/baomidou/mybatisplus/autoconfigure/MybatisPlusAutoConfiguration.class]: Bean instantiation via factory method failed; nested exception is org.springframework.beans.BeanInstantiationException: Failed to instantiate [org.apache.ibatis.session.SqlSessionFactory]: Factory method 'sqlSessionFactory' threw exception; nested exception is org.springframework.core.NestedIOException: Failed to parse mapping resource: 'file [D:\work\bdmp-server - 副本\bdmp-public\target\classes\mapper\assets\AssetsMapper.xml]'; nested exception is org.apache.ibatis.builder.BuilderException: Error parsing Mapper XML. The XML location is 'file [D:\work\bdmp-server - 副本\bdmp-public\target\classes\mapper\assets\AssetsMapper.xml]'. Cause: org.apache.ibatis.builder.BuilderException: Error resolving class. Cause: org.apache.ibatis.type.TypeException: Could not resolve type alias 'com.rhy.bdmp.open.modules.assets.domain.po.Org'.  Cause: java.lang.ClassNotFoundException: Cannot find class: com.rhy.bdmp.open.modules.assets.domain.po.Org
	at org.springframework.beans.factory.annotation.AutowiredAnnotationBeanPostProcessor$AutowiredFieldElement.inject(AutowiredAnnotationBeanPostProcessor.java:643)
	at org.springframework.beans.factory.annotation.InjectionMetadata.inject(InjectionMetadata.java:130)
	at org.springframework.beans.factory.annotation.AutowiredAnnotationBeanPostProcessor.postProcessProperties(AutowiredAnnotationBeanPostProcessor.java:399)
	at org.springframework.beans.factory.support.AbstractAutowireCapableBeanFactory.populateBean(AbstractAutowireCapableBeanFactory.java:1420)
	at org.springframework.beans.factory.support.AbstractAutowireCapableBeanFactory.doCreateBean(AbstractAutowireCapableBeanFactory.java:593)
	at org.springframework.beans.factory.support.AbstractAutowireCapableBeanFactory.createBean(AbstractAutowireCapableBeanFactory.java:516)
	at org.springframework.beans.factory.support.AbstractBeanFactory.lambda$doGetBean$0(AbstractBeanFactory.java:324)
	at org.springframework.beans.factory.support.DefaultSingletonBeanRegistry.getSingleton(DefaultSingletonBeanRegistry.java:234)
	at org.springframework.beans.factory.support.AbstractBeanFactory.doGetBean(AbstractBeanFactory.java:322)
	at org.springframework.beans.factory.support.AbstractBeanFactory.getBean(AbstractBeanFactory.java:202)
	at org.springframework.beans.factory.support.DefaultListableBeanFactory.preInstantiateSingletons(DefaultListableBeanFactory.java:897)
	at org.springframework.context.support.AbstractApplicationContext.finishBeanFactoryInitialization(AbstractApplicationContext.java:879)
	at org.springframework.context.support.AbstractApplicationContext.refresh(AbstractApplicationContext.java:551)
	at org.springframework.boot.web.servlet.context.ServletWebServerApplicationContext.refresh(ServletWebServerApplicationContext.java:143)
	at org.springframework.boot.SpringApplication.refresh(SpringApplication.java:758)
	at org.springframework.boot.SpringApplication.refresh(SpringApplication.java:750)
	at org.springframework.boot.SpringApplication.refreshContext(SpringApplication.java:397)
	at org.springframework.boot.SpringApplication.run(SpringApplication.java:315)
	at org.springframework.boot.SpringApplication.run(SpringApplication.java:1237)
	at org.springframework.boot.SpringApplication.run(SpringApplication.java:1226)
	at com.rhy.bdmp.open.BdmpPublicApplication.main(BdmpPublicApplication.java:44)
	at sun.reflect.NativeMethodAccessorImpl.invoke0(Native Method)
	at sun.reflect.NativeMethodAccessorImpl.invoke(NativeMethodAccessorImpl.java:62)
	at sun.reflect.DelegatingMethodAccessorImpl.invoke(DelegatingMethodAccessorImpl.java:43)
	at java.lang.reflect.Method.invoke(Method.java:498)
	at org.springframework.boot.devtools.restart.RestartLauncher.run(RestartLauncher.java:49)
Caused by: org.springframework.beans.factory.UnsatisfiedDependencyException: Error creating bean with name 'dataSourcesMapper' defined in URL [jar:file:/E:/maven/mvnresp/com/jtkj/Common-MultiTenantDB/0.0.1-SNAPSHOT/Common-MultiTenantDB-0.0.1-SNAPSHOT.jar!/com/jtkj/cloud/db/datasources/mapper/DataSourcesMapper.class]: Unsatisfied dependency expressed through bean property 'sqlSessionFactory'; nested exception is org.springframework.beans.factory.BeanCreationException: Error creating bean with name 'sqlSessionFactory' defined in class path resource [com/baomidou/mybatisplus/autoconfigure/MybatisPlusAutoConfiguration.class]: Bean instantiation via factory method failed; nested exception is org.springframework.beans.BeanInstantiationException: Failed to instantiate [org.apache.ibatis.session.SqlSessionFactory]: Factory method 'sqlSessionFactory' threw exception; nested exception is org.springframework.core.NestedIOException: Failed to parse mapping resource: 'file [D:\work\bdmp-server - 副本\bdmp-public\target\classes\mapper\assets\AssetsMapper.xml]'; nested exception is org.apache.ibatis.builder.BuilderException: Error parsing Mapper XML. The XML location is 'file [D:\work\bdmp-server - 副本\bdmp-public\target\classes\mapper\assets\AssetsMapper.xml]'. Cause: org.apache.ibatis.builder.BuilderException: Error resolving class. Cause: org.apache.ibatis.type.TypeException: Could not resolve type alias 'com.rhy.bdmp.open.modules.assets.domain.po.Org'.  Cause: java.lang.ClassNotFoundException: Cannot find class: com.rhy.bdmp.open.modules.assets.domain.po.Org
	at org.springframework.beans.factory.support.AbstractAutowireCapableBeanFactory.autowireByType(AbstractAutowireCapableBeanFactory.java:1524)
	at org.springframework.beans.factory.support.AbstractAutowireCapableBeanFactory.populateBean(AbstractAutowireCapableBeanFactory.java:1404)
	at org.springframework.beans.factory.support.AbstractAutowireCapableBeanFactory.doCreateBean(AbstractAutowireCapableBeanFactory.java:593)
	at org.springframework.beans.factory.support.AbstractAutowireCapableBeanFactory.createBean(AbstractAutowireCapableBeanFactory.java:516)
	at org.springframework.beans.factory.support.AbstractBeanFactory.lambda$doGetBean$0(AbstractBeanFactory.java:324)
	at org.springframework.beans.factory.support.DefaultSingletonBeanRegistry.getSingleton(DefaultSingletonBeanRegistry.java:234)
	at org.springframework.beans.factory.support.AbstractBeanFactory.doGetBean(AbstractBeanFactory.java:322)
	at org.springframework.beans.factory.support.AbstractBeanFactory.getBean(AbstractBeanFactory.java:202)
	at org.springframework.beans.factory.config.DependencyDescriptor.resolveCandidate(DependencyDescriptor.java:276)
	at org.springframework.beans.factory.support.DefaultListableBeanFactory.doResolveDependency(DefaultListableBeanFactory.java:1307)
	at org.springframework.beans.factory.support.DefaultListableBeanFactory.resolveDependency(DefaultListableBeanFactory.java:1227)
	at org.springframework.beans.factory.annotation.AutowiredAnnotationBeanPostProcessor$AutowiredFieldElement.inject(AutowiredAnnotationBeanPostProcessor.java:640)
	... 25 common frames omitted
Caused by: org.springframework.beans.factory.BeanCreationException: Error creating bean with name 'sqlSessionFactory' defined in class path resource [com/baomidou/mybatisplus/autoconfigure/MybatisPlusAutoConfiguration.class]: Bean instantiation via factory method failed; nested exception is org.springframework.beans.BeanInstantiationException: Failed to instantiate [org.apache.ibatis.session.SqlSessionFactory]: Factory method 'sqlSessionFactory' threw exception; nested exception is org.springframework.core.NestedIOException: Failed to parse mapping resource: 'file [D:\work\bdmp-server - 副本\bdmp-public\target\classes\mapper\assets\AssetsMapper.xml]'; nested exception is org.apache.ibatis.builder.BuilderException: Error parsing Mapper XML. The XML location is 'file [D:\work\bdmp-server - 副本\bdmp-public\target\classes\mapper\assets\AssetsMapper.xml]'. Cause: org.apache.ibatis.builder.BuilderException: Error resolving class. Cause: org.apache.ibatis.type.TypeException: Could not resolve type alias 'com.rhy.bdmp.open.modules.assets.domain.po.Org'.  Cause: java.lang.ClassNotFoundException: Cannot find class: com.rhy.bdmp.open.modules.assets.domain.po.Org
	at org.springframework.beans.factory.support.ConstructorResolver.instantiate(ConstructorResolver.java:655)
	at org.springframework.beans.factory.support.ConstructorResolver.instantiateUsingFactoryMethod(ConstructorResolver.java:635)
	at org.springframework.beans.factory.support.AbstractAutowireCapableBeanFactory.instantiateUsingFactoryMethod(AbstractAutowireCapableBeanFactory.java:1336)
	at org.springframework.beans.factory.support.AbstractAutowireCapableBeanFactory.createBeanInstance(AbstractAutowireCapableBeanFactory.java:1176)
	at org.springframework.beans.factory.support.AbstractAutowireCapableBeanFactory.doCreateBean(AbstractAutowireCapableBeanFactory.java:556)
	at org.springframework.beans.factory.support.AbstractAutowireCapableBeanFactory.createBean(AbstractAutowireCapableBeanFactory.java:516)
	at org.springframework.beans.factory.support.AbstractBeanFactory.lambda$doGetBean$0(AbstractBeanFactory.java:324)
	at org.springframework.beans.factory.support.DefaultSingletonBeanRegistry.getSingleton(DefaultSingletonBeanRegistry.java:234)
	at org.springframework.beans.factory.support.AbstractBeanFactory.doGetBean(AbstractBeanFactory.java:322)
	at org.springframework.beans.factory.support.AbstractBeanFactory.getBean(AbstractBeanFactory.java:202)
	at org.springframework.beans.factory.config.DependencyDescriptor.resolveCandidate(DependencyDescriptor.java:276)
	at org.springframework.beans.factory.support.DefaultListableBeanFactory.doResolveDependency(DefaultListableBeanFactory.java:1307)
	at org.springframework.beans.factory.support.DefaultListableBeanFactory.resolveDependency(DefaultListableBeanFactory.java:1227)
	at org.springframework.beans.factory.support.AbstractAutowireCapableBeanFactory.autowireByType(AbstractAutowireCapableBeanFactory.java:1509)
	... 36 common frames omitted
Caused by: org.springframework.beans.BeanInstantiationException: Failed to instantiate [org.apache.ibatis.session.SqlSessionFactory]: Factory method 'sqlSessionFactory' threw exception; nested exception is org.springframework.core.NestedIOException: Failed to parse mapping resource: 'file [D:\work\bdmp-server - 副本\bdmp-public\target\classes\mapper\assets\AssetsMapper.xml]'; nested exception is org.apache.ibatis.builder.BuilderException: Error parsing Mapper XML. The XML location is 'file [D:\work\bdmp-server - 副本\bdmp-public\target\classes\mapper\assets\AssetsMapper.xml]'. Cause: org.apache.ibatis.builder.BuilderException: Error resolving class. Cause: org.apache.ibatis.type.TypeException: Could not resolve type alias 'com.rhy.bdmp.open.modules.assets.domain.po.Org'.  Cause: java.lang.ClassNotFoundException: Cannot find class: com.rhy.bdmp.open.modules.assets.domain.po.Org
	at org.springframework.beans.factory.support.SimpleInstantiationStrategy.instantiate(SimpleInstantiationStrategy.java:185)
	at org.springframework.beans.factory.support.ConstructorResolver.instantiate(ConstructorResolver.java:650)
	... 49 common frames omitted
Caused by: org.springframework.core.NestedIOException: Failed to parse mapping resource: 'file [D:\work\bdmp-server - 副本\bdmp-public\target\classes\mapper\assets\AssetsMapper.xml]'; nested exception is org.apache.ibatis.builder.BuilderException: Error parsing Mapper XML. The XML location is 'file [D:\work\bdmp-server - 副本\bdmp-public\target\classes\mapper\assets\AssetsMapper.xml]'. Cause: org.apache.ibatis.builder.BuilderException: Error resolving class. Cause: org.apache.ibatis.type.TypeException: Could not resolve type alias 'com.rhy.bdmp.open.modules.assets.domain.po.Org'.  Cause: java.lang.ClassNotFoundException: Cannot find class: com.rhy.bdmp.open.modules.assets.domain.po.Org
	at com.baomidou.mybatisplus.extension.spring.MybatisSqlSessionFactoryBean.buildSqlSessionFactory(MybatisSqlSessionFactoryBean.java:595)
	at com.baomidou.mybatisplus.extension.spring.MybatisSqlSessionFactoryBean.afterPropertiesSet(MybatisSqlSessionFactoryBean.java:431)
	at com.baomidou.mybatisplus.extension.spring.MybatisSqlSessionFactoryBean.getObject(MybatisSqlSessionFactoryBean.java:628)
	at com.baomidou.mybatisplus.autoconfigure.MybatisPlusAutoConfiguration.sqlSessionFactory(MybatisPlusAutoConfiguration.java:218)
	at com.baomidou.mybatisplus.autoconfigure.MybatisPlusAutoConfiguration$$EnhancerBySpringCGLIB$$1118d4e9.CGLIB$sqlSessionFactory$1(<generated>)
	at com.baomidou.mybatisplus.autoconfigure.MybatisPlusAutoConfiguration$$EnhancerBySpringCGLIB$$1118d4e9$$FastClassBySpringCGLIB$$b265d8cf.invoke(<generated>)
	at org.springframework.cglib.proxy.MethodProxy.invokeSuper(MethodProxy.java:244)
	at org.springframework.context.annotation.ConfigurationClassEnhancer$BeanMethodInterceptor.intercept(ConfigurationClassEnhancer.java:331)
	at com.baomidou.mybatisplus.autoconfigure.MybatisPlusAutoConfiguration$$EnhancerBySpringCGLIB$$1118d4e9.sqlSessionFactory(<generated>)
	at sun.reflect.NativeMethodAccessorImpl.invoke0(Native Method)
	at sun.reflect.NativeMethodAccessorImpl.invoke(NativeMethodAccessorImpl.java:62)
	at sun.reflect.DelegatingMethodAccessorImpl.invoke(DelegatingMethodAccessorImpl.java:43)
	at java.lang.reflect.Method.invoke(Method.java:498)
	at org.springframework.beans.factory.support.SimpleInstantiationStrategy.instantiate(SimpleInstantiationStrategy.java:154)
	... 50 common frames omitted
Caused by: org.apache.ibatis.builder.BuilderException: Error parsing Mapper XML. The XML location is 'file [D:\work\bdmp-server - 副本\bdmp-public\target\classes\mapper\assets\AssetsMapper.xml]'. Cause: org.apache.ibatis.builder.BuilderException: Error resolving class. Cause: org.apache.ibatis.type.TypeException: Could not resolve type alias 'com.rhy.bdmp.open.modules.assets.domain.po.Org'.  Cause: java.lang.ClassNotFoundException: Cannot find class: com.rhy.bdmp.open.modules.assets.domain.po.Org
	at org.apache.ibatis.builder.xml.XMLMapperBuilder.configurationElement(XMLMapperBuilder.java:123)
	at org.apache.ibatis.builder.xml.XMLMapperBuilder.parse(XMLMapperBuilder.java:95)
	at com.baomidou.mybatisplus.extension.spring.MybatisSqlSessionFactoryBean.buildSqlSessionFactory(MybatisSqlSessionFactoryBean.java:593)
	... 63 common frames omitted
Caused by: org.apache.ibatis.builder.BuilderException: Error resolving class. Cause: org.apache.ibatis.type.TypeException: Could not resolve type alias 'com.rhy.bdmp.open.modules.assets.domain.po.Org'.  Cause: java.lang.ClassNotFoundException: Cannot find class: com.rhy.bdmp.open.modules.assets.domain.po.Org
	at org.apache.ibatis.builder.BaseBuilder.resolveClass(BaseBuilder.java:118)
	at org.apache.ibatis.builder.xml.XMLStatementBuilder.parseStatementNode(XMLStatementBuilder.java:102)
	at org.apache.ibatis.builder.xml.XMLMapperBuilder.buildStatementFromContext(XMLMapperBuilder.java:138)
	at org.apache.ibatis.builder.xml.XMLMapperBuilder.buildStatementFromContext(XMLMapperBuilder.java:131)
	at org.apache.ibatis.builder.xml.XMLMapperBuilder.configurationElement(XMLMapperBuilder.java:121)
	... 65 common frames omitted
Caused by: org.apache.ibatis.type.TypeException: Could not resolve type alias 'com.rhy.bdmp.open.modules.assets.domain.po.Org'.  Cause: java.lang.ClassNotFoundException: Cannot find class: com.rhy.bdmp.open.modules.assets.domain.po.Org
	at org.apache.ibatis.type.TypeAliasRegistry.resolveAlias(TypeAliasRegistry.java:120)
	at org.apache.ibatis.builder.BaseBuilder.resolveAlias(BaseBuilder.java:149)
	at org.apache.ibatis.builder.BaseBuilder.resolveClass(BaseBuilder.java:116)
	... 69 common frames omitted
Caused by: java.lang.ClassNotFoundException: Cannot find class: com.rhy.bdmp.open.modules.assets.domain.po.Org
	at org.apache.ibatis.io.ClassLoaderWrapper.classForName(ClassLoaderWrapper.java:196)
	at org.apache.ibatis.io.ClassLoaderWrapper.classForName(ClassLoaderWrapper.java:89)
	at org.apache.ibatis.io.Resources.classForName(Resources.java:261)
	at org.apache.ibatis.type.TypeAliasRegistry.resolveAlias(TypeAliasRegistry.java:116)
	... 71 common frames omitted
2023-03-11 11:05:49.871 [http-nio-60055-exec-1] ERROR c.j.cloud.common.exception.GlobalExceptionAdvice - 请求接口：/bdmpPublic/bdmp/public/user/getUserMenuTree
2023-03-11 11:05:49.872 [http-nio-60055-exec-1] ERROR c.j.cloud.common.exception.GlobalExceptionAdvice - 请求参数：{"appId":["1"],"isUserPermissions":["true"]}
2023-03-11 11:05:49.873 [http-nio-60055-exec-1] ERROR c.j.cloud.common.exception.GlobalExceptionAdvice - 错误信息：
### Error querying database.  Cause: java.sql.SQLSyntaxErrorException: Table 'admin_config_service.t_bdmp_sys_resource' doesn't exist
### The error may exist in file [D:\work\bdmp-server - 副本\bdmp-public\target\classes\mapper\system\SystemMapper.xml]
### The error may involve defaultParameterMap
### The error occurred while setting parameters
### SQL: SELECT             resource_id,resource_title,parent_id,resource_type,app_id,external_link,external_link_url,external_link_open,CACHE,hidden,path,component_name,component_path,icon,permission,description,sort,datastatusid,create_by,create_time,update_by,update_time         FROM             t_bdmp_sys_resource resource         WHERE             app_id = ?
### Cause: java.sql.SQLSyntaxErrorException: Table 'admin_config_service.t_bdmp_sys_resource' doesn't exist
; bad SQL grammar []; nested exception is java.sql.SQLSyntaxErrorException: Table 'admin_config_service.t_bdmp_sys_resource' doesn't exist
2023-03-11 11:07:39.750 [http-nio-60055-exec-4] ERROR c.j.cloud.common.exception.GlobalExceptionAdvice - 请求接口：/bdmpPublic/bdmp/public/user/getUserMenuTree
2023-03-11 11:07:39.750 [http-nio-60055-exec-4] ERROR c.j.cloud.common.exception.GlobalExceptionAdvice - 请求参数：{"appId":["1"],"isUserPermissions":["true"]}
2023-03-11 11:07:39.750 [http-nio-60055-exec-4] ERROR c.j.cloud.common.exception.GlobalExceptionAdvice - 错误信息：
### Error querying database.  Cause: java.sql.SQLSyntaxErrorException: Table 'admin_config_service.t_bdmp_sys_resource' doesn't exist
### The error may exist in file [D:\work\bdmp-server - 副本\bdmp-public\target\classes\mapper\system\SystemMapper.xml]
### The error may involve defaultParameterMap
### The error occurred while setting parameters
### SQL: SELECT             resource_id,resource_title,parent_id,resource_type,app_id,external_link,external_link_url,external_link_open,CACHE,hidden,path,component_name,component_path,icon,permission,description,sort,datastatusid,create_by,create_time,update_by,update_time         FROM             t_bdmp_sys_resource resource         WHERE             app_id = ?
### Cause: java.sql.SQLSyntaxErrorException: Table 'admin_config_service.t_bdmp_sys_resource' doesn't exist
; bad SQL grammar []; nested exception is java.sql.SQLSyntaxErrorException: Table 'admin_config_service.t_bdmp_sys_resource' doesn't exist
2023-03-11 11:08:28.526 [http-nio-60055-exec-3] ERROR c.j.cloud.common.exception.GlobalExceptionAdvice - 请求接口：/bdmpPublic/bdmp/public/user/getUserMenuTree
2023-03-11 11:08:28.527 [http-nio-60055-exec-3] ERROR c.j.cloud.common.exception.GlobalExceptionAdvice - 请求参数：{"appId":["1"],"isUserPermissions":["true"]}
2023-03-11 11:08:28.527 [http-nio-60055-exec-3] ERROR c.j.cloud.common.exception.GlobalExceptionAdvice - 错误信息：
### Error querying database.  Cause: java.sql.SQLSyntaxErrorException: Table 'admin_config_service.t_bdmp_sys_resource' doesn't exist
### The error may exist in file [D:\work\bdmp-server - 副本\bdmp-public\target\classes\mapper\system\SystemMapper.xml]
### The error may involve defaultParameterMap
### The error occurred while setting parameters
### SQL: SELECT             resource_id,resource_title,parent_id,resource_type,app_id,external_link,external_link_url,external_link_open,CACHE,hidden,path,component_name,component_path,icon,permission,description,sort,datastatusid,create_by,create_time,update_by,update_time         FROM             t_bdmp_sys_resource resource         WHERE             app_id = ?
### Cause: java.sql.SQLSyntaxErrorException: Table 'admin_config_service.t_bdmp_sys_resource' doesn't exist
; bad SQL grammar []; nested exception is java.sql.SQLSyntaxErrorException: Table 'admin_config_service.t_bdmp_sys_resource' doesn't exist
2023-03-11 11:12:01.609 [http-nio-60055-exec-6] ERROR c.j.cloud.common.exception.GlobalExceptionAdvice - 请求接口：/bdmpPublic/bdmp/public/user/getUserMenuTree
2023-03-11 11:12:01.610 [http-nio-60055-exec-6] ERROR c.j.cloud.common.exception.GlobalExceptionAdvice - 请求参数：{"appId":["1"],"isUserPermissions":["true"]}
2023-03-11 11:12:01.610 [http-nio-60055-exec-6] ERROR c.j.cloud.common.exception.GlobalExceptionAdvice - 错误信息：
### Error querying database.  Cause: java.sql.SQLSyntaxErrorException: Table 'admin_config_service.t_bdmp_sys_resource' doesn't exist
### The error may exist in file [D:\work\bdmp-server - 副本\bdmp-public\target\classes\mapper\system\SystemMapper.xml]
### The error may involve defaultParameterMap
### The error occurred while setting parameters
### SQL: SELECT             resource_id,resource_title,parent_id,resource_type,app_id,external_link,external_link_url,external_link_open,CACHE,hidden,path,component_name,component_path,icon,permission,description,sort,datastatusid,create_by,create_time,update_by,update_time         FROM             t_bdmp_sys_resource resource         WHERE             app_id = ?
### Cause: java.sql.SQLSyntaxErrorException: Table 'admin_config_service.t_bdmp_sys_resource' doesn't exist
; bad SQL grammar []; nested exception is java.sql.SQLSyntaxErrorException: Table 'admin_config_service.t_bdmp_sys_resource' doesn't exist
2023-03-11 11:12:54.006 [http-nio-60055-exec-7] ERROR c.j.cloud.common.exception.GlobalExceptionAdvice - 请求接口：/bdmpPublic/bdmp/public/user/getUserMenuTree
2023-03-11 11:12:54.006 [http-nio-60055-exec-7] ERROR c.j.cloud.common.exception.GlobalExceptionAdvice - 请求参数：{"appId":["1"],"isUserPermissions":["true"]}
2023-03-11 11:12:54.006 [http-nio-60055-exec-7] ERROR c.j.cloud.common.exception.GlobalExceptionAdvice - 错误信息：
### Error querying database.  Cause: java.sql.SQLSyntaxErrorException: Table 'admin_config_service.t_bdmp_sys_resource' doesn't exist
### The error may exist in file [D:\work\bdmp-server - 副本\bdmp-public\target\classes\mapper\system\SystemMapper.xml]
### The error may involve defaultParameterMap
### The error occurred while setting parameters
### SQL: SELECT             resource_id,resource_title,parent_id,resource_type,app_id,external_link,external_link_url,external_link_open,CACHE,hidden,path,component_name,component_path,icon,permission,description,sort,datastatusid,create_by,create_time,update_by,update_time         FROM             t_bdmp_sys_resource resource         WHERE             app_id = ?
### Cause: java.sql.SQLSyntaxErrorException: Table 'admin_config_service.t_bdmp_sys_resource' doesn't exist
; bad SQL grammar []; nested exception is java.sql.SQLSyntaxErrorException: Table 'admin_config_service.t_bdmp_sys_resource' doesn't exist
