2023-03-11 09:07:25.118 [com.alibaba.nacos.client.Worker.longPolling.fixed-127.0.0.1_8848-7a1d058e-62e6-4c03-ba3c-36138e04fccb] INFO  com.alibaba.nacos.client.config.impl.ClientWorker - [fixed-127.0.0.1_8848-7a1d058e-62e6-4c03-ba3c-36138e04fccb] [polling-resp] config changed. dataId=application-mysql.yaml, group=COMMON_GROUP, tenant=7a1d058e-62e6-4c03-ba3c-36138e04fccb
2023-03-11 09:07:25.126 [com.alibaba.nacos.client.Worker.longPolling.fixed-127.0.0.1_8848-7a1d058e-62e6-4c03-ba3c-36138e04fccb] INFO  com.alibaba.nacos.client.config.impl.ClientWorker - get changedGroupKeys:[application-mysql.yaml+COMMON_GROUP+7a1d058e-62e6-4c03-ba3c-36138e04fccb]
2023-03-11 09:07:25.170 [com.alibaba.nacos.client.Worker.longPolling.fixed-127.0.0.1_8848-7a1d058e-62e6-4c03-ba3c-36138e04fccb] INFO  com.alibaba.nacos.client.config.impl.ClientWorker - [fixed-127.0.0.1_8848-7a1d058e-62e6-4c03-ba3c-36138e04fccb] [data-received] dataId=application-mysql.yaml, group=COMMON_GROUP, tenant=7a1d058e-62e6-4c03-ba3c-36138e04fccb, md5=ba458bf5740b52a5c1b8ee7967c8b48e, content=jtkj:
  datasource:
    multi:
      master:
        url: jdbc:mysql://172.16.10.100:3306/admin_conf..., type=yaml
2023-03-11 09:07:25.175 [com.alibaba.nacos.client.Worker.longPolling.fixed-127.0.0.1_8848-7a1d058e-62e6-4c03-ba3c-36138e04fccb] INFO  com.alibaba.nacos.client.config.impl.CacheData - [fixed-127.0.0.1_8848-7a1d058e-62e6-4c03-ba3c-36138e04fccb] [notify-context] dataId=application-mysql.yaml, group=COMMON_GROUP, md5=ba458bf5740b52a5c1b8ee7967c8b48e
2023-03-11 09:07:25.774 [com.alibaba.nacos.client.Worker.longPolling.fixed-127.0.0.1_8848-7a1d058e-62e6-4c03-ba3c-36138e04fccb] INFO  o.s.b.d.env.DevToolsPropertyDefaultsPostProcessor - Devtools property defaults active! Set 'spring.devtools.add-properties' to 'false' to disable
2023-03-11 09:07:26.325 [com.alibaba.nacos.client.Worker.longPolling.fixed-127.0.0.1_8848-7a1d058e-62e6-4c03-ba3c-36138e04fccb] INFO  o.s.b.d.env.DevToolsPropertyDefaultsPostProcessor - Devtools property defaults active! Set 'spring.devtools.add-properties' to 'false' to disable
2023-03-11 09:07:26.347 [com.alibaba.nacos.client.Worker.longPolling.fixed-127.0.0.1_8848-7a1d058e-62e6-4c03-ba3c-36138e04fccb] INFO  o.s.c.b.c.PropertySourceBootstrapConfiguration - Located property source: [BootstrapPropertySource {name='bootstrapProperties-bdmp-public-jtprod.yaml,COMMON_GROUP'}, BootstrapPropertySource {name='bootstrapProperties-bdmp-public.yaml,COMMON_GROUP'}, BootstrapPropertySource {name='bootstrapProperties-bdmp-public,COMMON_GROUP'}, BootstrapPropertySource {name='bootstrapProperties-application-skip-url.yaml,COMMON_GROUP'}, BootstrapPropertySource {name='bootstrapProperties-application-redis.yaml,COMMON_GROUP'}, BootstrapPropertySource {name='bootstrapProperties-application-mysql.yaml,COMMON_GROUP'}]
2023-03-11 09:07:26.446 [com.alibaba.nacos.client.Worker.longPolling.fixed-127.0.0.1_8848-7a1d058e-62e6-4c03-ba3c-36138e04fccb] INFO  org.springframework.boot.SpringApplication - The following profiles are active: jtprod
2023-03-11 09:07:26.466 [com.alibaba.nacos.client.Worker.longPolling.fixed-127.0.0.1_8848-7a1d058e-62e6-4c03-ba3c-36138e04fccb] INFO  org.springframework.boot.SpringApplication - Started application in 1.252 seconds (JVM running for 45477.316)
2023-03-11 09:07:26.578 [com.alibaba.nacos.client.Worker.longPolling.fixed-127.0.0.1_8848-7a1d058e-62e6-4c03-ba3c-36138e04fccb] INFO  o.s.cloud.endpoint.event.RefreshEventListener - Refresh keys changed: [jtkj.datasource.multi.master.url]
2023-03-11 09:07:26.579 [com.alibaba.nacos.client.Worker.longPolling.fixed-127.0.0.1_8848-7a1d058e-62e6-4c03-ba3c-36138e04fccb] INFO  com.alibaba.nacos.client.config.impl.CacheData - [fixed-127.0.0.1_8848-7a1d058e-62e6-4c03-ba3c-36138e04fccb] [notify-ok] dataId=application-mysql.yaml, group=COMMON_GROUP, md5=ba458bf5740b52a5c1b8ee7967c8b48e, listener=com.alibaba.cloud.nacos.refresh.NacosContextRefresher$1@36860565 
2023-03-11 09:07:26.579 [com.alibaba.nacos.client.Worker.longPolling.fixed-127.0.0.1_8848-7a1d058e-62e6-4c03-ba3c-36138e04fccb] INFO  com.alibaba.nacos.client.config.impl.CacheData - [fixed-127.0.0.1_8848-7a1d058e-62e6-4c03-ba3c-36138e04fccb] [notify-listener] time cost=1404ms in ClientWorker, dataId=application-mysql.yaml, group=COMMON_GROUP, md5=ba458bf5740b52a5c1b8ee7967c8b48e, listener=com.alibaba.cloud.nacos.refresh.NacosContextRefresher$1@36860565 
2023-03-11 11:03:21.812 [Thread-29] INFO  com.alibaba.nacos.client.naming - [LISTENER] removing DEFAULT_GROUP@@bdmp-public with DEFAULT from listener map
2023-03-11 11:03:21.822 [Thread-29] INFO  c.a.cloud.nacos.registry.NacosServiceRegistry - De-registering from Nacos Server now...
2023-03-11 11:03:21.823 [Thread-29] INFO  com.alibaba.nacos.client.naming - [BEAT] removing beat: DEFAULT_GROUP@@bdmp-public:172.16.10.93:60055 from beat map.
2023-03-11 11:03:21.824 [Thread-29] INFO  com.alibaba.nacos.client.naming - [DEREGISTER-SERVICE] 7a1d058e-62e6-4c03-ba3c-36138e04fccb deregistering service DEFAULT_GROUP@@bdmp-public with instance: Instance{instanceId='null', ip='172.16.10.93', port=60055, weight=1.0, healthy=true, enabled=true, ephemeral=true, clusterName='DEFAULT', serviceName='null', metadata={}}
2023-03-11 11:03:22.035 [Thread-29] INFO  c.a.cloud.nacos.registry.NacosServiceRegistry - De-registration finished.
2023-03-11 11:03:22.035 [Thread-29] INFO  com.alibaba.nacos.client.naming - com.alibaba.nacos.client.naming.beat.BeatReactor do shutdown begin
2023-03-11 11:03:22.829 [com.alibaba.nacos.client.naming.updater] INFO  com.alibaba.nacos.client.naming - removed ips(1) service: DEFAULT_GROUP@@bdmp-public@@DEFAULT -> [{"instanceId":"172.16.10.93#60055#DEFAULT#DEFAULT_GROUP@@bdmp-public","ip":"172.16.10.93","port":60055,"weight":1.0,"healthy":true,"enabled":true,"ephemeral":true,"clusterName":"DEFAULT","serviceName":"DEFAULT_GROUP@@bdmp-public","metadata":{"preserved.register.source":"SPRING_CLOUD"},"instanceHeartBeatTimeOut":15000,"instanceHeartBeatInterval":5000,"ipDeleteTimeout":30000}]
2023-03-11 11:03:22.860 [com.alibaba.nacos.client.naming.updater] INFO  com.alibaba.nacos.client.naming - current ips:(0) service: DEFAULT_GROUP@@bdmp-public@@DEFAULT -> []
2023-03-11 11:03:23.006 [Thread-29] INFO  com.alibaba.nacos.client.naming - com.alibaba.nacos.client.naming.beat.BeatReactor do shutdown stop
2023-03-11 11:03:23.006 [Thread-29] INFO  com.alibaba.nacos.client.naming - com.alibaba.nacos.client.naming.core.EventDispatcher do shutdown begin
2023-03-11 11:03:23.098 [com.alibaba.nacos.naming.push.receiver] INFO  com.alibaba.nacos.client.naming - received push data: {"type":"dom","data":"{\"dom\":\"DEFAULT_GROUP@@bdmp-public\",\"name\":\"DEFAULT_GROUP@@bdmp-public\",\"cacheMillis\":10000,\"lastRefTime\":1678503803093,\"checksum\":\"305d879a129ccb7262b06fdada157c4b\",\"useSpecifiedURL\":false,\"clusters\":\"DEFAULT\",\"env\":\"\",\"hosts\":[],\"metadata\":{}}","lastRefTime":496764865543700} from /172.16.10.93
2023-03-11 11:03:26.037 [Thread-29] INFO  com.alibaba.nacos.client.naming - com.alibaba.nacos.client.naming.core.EventDispatcher do shutdown stop
2023-03-11 11:03:26.037 [Thread-29] INFO  com.alibaba.nacos.client.naming - com.alibaba.nacos.client.naming.core.HostReactor do shutdown begin
2023-03-11 11:03:29.077 [Thread-29] INFO  com.alibaba.nacos.client.naming - com.alibaba.nacos.client.naming.core.PushReceiver do shutdown begin
2023-03-11 11:03:32.098 [Thread-29] INFO  com.alibaba.nacos.client.naming - com.alibaba.nacos.client.naming.core.PushReceiver do shutdown stop
2023-03-11 11:03:32.099 [Thread-29] INFO  com.alibaba.nacos.client.naming - com.alibaba.nacos.client.naming.backups.FailoverReactor do shutdown begin
2023-03-11 11:03:32.100 [Thread-29] INFO  com.alibaba.nacos.client.naming - com.alibaba.nacos.client.naming.backups.FailoverReactor do shutdown stop
2023-03-11 11:03:32.101 [Thread-29] INFO  com.alibaba.nacos.client.naming - com.alibaba.nacos.client.naming.core.HostReactor do shutdown stop
2023-03-11 11:03:32.101 [Thread-29] INFO  com.alibaba.nacos.client.naming - com.alibaba.nacos.client.naming.net.NamingProxy do shutdown begin
2023-03-11 11:03:32.103 [Thread-29] INFO  com.alibaba.nacos.client.naming - com.alibaba.nacos.client.naming.net.NamingProxy do shutdown stop
2023-03-11 11:03:32.104 [Thread-29] INFO  com.alibaba.nacos.client.naming - com.alibaba.nacos.client.naming.beat.BeatReactor do shutdown begin
2023-03-11 11:03:32.104 [Thread-29] INFO  com.alibaba.nacos.client.naming - com.alibaba.nacos.client.naming.beat.BeatReactor do shutdown stop
2023-03-11 11:03:32.104 [Thread-29] INFO  com.alibaba.nacos.client.naming - com.alibaba.nacos.client.naming.core.EventDispatcher do shutdown begin
2023-03-11 11:03:32.104 [Thread-29] INFO  com.alibaba.nacos.client.naming - com.alibaba.nacos.client.naming.core.EventDispatcher do shutdown stop
2023-03-11 11:03:32.104 [Thread-29] INFO  com.alibaba.nacos.client.naming - com.alibaba.nacos.client.naming.core.HostReactor do shutdown begin
2023-03-11 11:03:32.104 [Thread-29] INFO  com.alibaba.nacos.client.naming - com.alibaba.nacos.client.naming.core.PushReceiver do shutdown begin
2023-03-11 11:03:32.111 [Thread-29] INFO  com.alibaba.nacos.client.naming - com.alibaba.nacos.client.naming.core.PushReceiver do shutdown stop
2023-03-11 11:03:32.112 [Thread-29] INFO  com.alibaba.nacos.client.naming - com.alibaba.nacos.client.naming.backups.FailoverReactor do shutdown begin
2023-03-11 11:03:32.112 [Thread-29] INFO  com.alibaba.nacos.client.naming - com.alibaba.nacos.client.naming.backups.FailoverReactor do shutdown stop
2023-03-11 11:03:32.112 [Thread-29] INFO  com.alibaba.nacos.client.naming - com.alibaba.nacos.client.naming.core.HostReactor do shutdown stop
2023-03-11 11:03:32.112 [Thread-29] INFO  com.alibaba.nacos.client.naming - com.alibaba.nacos.client.naming.net.NamingProxy do shutdown begin
2023-03-11 11:03:32.112 [Thread-29] INFO  com.alibaba.nacos.client.naming - com.alibaba.nacos.client.naming.net.NamingProxy do shutdown stop
2023-03-11 11:03:32.116 [Thread-29] INFO  o.s.scheduling.concurrent.ThreadPoolTaskExecutor - Shutting down ExecutorService 'applicationTaskExecutor'
2023-03-11 11:03:32.182 [Thread-29] INFO  c.jtkj.cloud.db.datasources.core.DynamicDataSource - 准备关闭数据源 ....
2023-03-11 11:03:32.205 [Thread-29] INFO  com.alibaba.druid.pool.DruidDataSource - {dataSource-1} closed
2023-03-11 11:03:32.205 [Thread-29] INFO  c.jtkj.cloud.db.datasources.core.DynamicDataSource - 数据源关闭成功
2023-03-11 11:03:34.021 [restartedMain] INFO  o.s.c.b.c.PropertySourceBootstrapConfiguration - Located property source: [BootstrapPropertySource {name='bootstrapProperties-null.properties,DEFAULT_GROUP'}]
2023-03-11 11:03:34.051 [restartedMain] INFO  com.rhy.bdmp.open.BdmpPublicApplication - No active profile set, falling back to default profiles: default
2023-03-11 11:03:34.784 [restartedMain] INFO  o.s.d.r.config.RepositoryConfigurationDelegate - Multiple Spring Data modules found, entering strict repository configuration mode!
2023-03-11 11:03:34.784 [restartedMain] INFO  o.s.d.r.config.RepositoryConfigurationDelegate - Bootstrapping Spring Data Redis repositories in DEFAULT mode.
2023-03-11 11:03:34.786 [restartedMain] INFO  o.s.d.r.config.RepositoryConfigurationDelegate - Finished Spring Data repository scanning in 1ms. Found 0 Redis repository interfaces.
2023-03-11 11:03:34.927 [restartedMain] INFO  o.springframework.cloud.context.scope.GenericScope - BeanFactory id=101957b0-c01f-3bc8-a3ab-ba47a5b9b606
2023-03-11 11:03:34.961 [restartedMain] INFO  o.s.c.s.PostProcessorRegistrationDelegate$BeanPostProcessorChecker - Bean 'com.jtkj.cloud.common.feign.AuthBaseInfo' of type [org.springframework.cloud.openfeign.FeignClientFactoryBean] is not eligible for getting processed by all BeanPostProcessors (for example: not eligible for auto-proxying)
2023-03-11 11:03:34.962 [restartedMain] INFO  o.s.c.s.PostProcessorRegistrationDelegate$BeanPostProcessorChecker - Bean 'com.jtkj.cloud.common.feign.BasicDataInfo' of type [org.springframework.cloud.openfeign.FeignClientFactoryBean] is not eligible for getting processed by all BeanPostProcessors (for example: not eligible for auto-proxying)
2023-03-11 11:03:34.964 [restartedMain] INFO  o.s.c.s.PostProcessorRegistrationDelegate$BeanPostProcessorChecker - Bean 'com.jtkj.cloud.common.feign.CenterMessageFeign' of type [org.springframework.cloud.openfeign.FeignClientFactoryBean] is not eligible for getting processed by all BeanPostProcessors (for example: not eligible for auto-proxying)
2023-03-11 11:03:34.964 [restartedMain] INFO  o.s.c.s.PostProcessorRegistrationDelegate$BeanPostProcessorChecker - Bean 'com.jtkj.cloud.common.feign.FilemanageInfo' of type [org.springframework.cloud.openfeign.FeignClientFactoryBean] is not eligible for getting processed by all BeanPostProcessors (for example: not eligible for auto-proxying)
2023-03-11 11:03:34.965 [restartedMain] INFO  o.s.c.s.PostProcessorRegistrationDelegate$BeanPostProcessorChecker - Bean 'com.jtkj.cloud.common.feign.UserBaseInfo' of type [org.springframework.cloud.openfeign.FeignClientFactoryBean] is not eligible for getting processed by all BeanPostProcessors (for example: not eligible for auto-proxying)
2023-03-11 11:03:34.966 [restartedMain] INFO  o.s.c.s.PostProcessorRegistrationDelegate$BeanPostProcessorChecker - Bean 'com.jtkj.cloud.common.feign.WorkFlowInfo' of type [org.springframework.cloud.openfeign.FeignClientFactoryBean] is not eligible for getting processed by all BeanPostProcessors (for example: not eligible for auto-proxying)
2023-03-11 11:03:35.031 [restartedMain] INFO  o.s.c.s.PostProcessorRegistrationDelegate$BeanPostProcessorChecker - Bean 'spring.redis-org.springframework.boot.autoconfigure.data.redis.RedisProperties' of type [org.springframework.boot.autoconfigure.data.redis.RedisProperties] is not eligible for getting processed by all BeanPostProcessors (for example: not eligible for auto-proxying)
2023-03-11 11:03:35.037 [restartedMain] INFO  o.s.c.s.PostProcessorRegistrationDelegate$BeanPostProcessorChecker - Bean 'org.springframework.boot.autoconfigure.data.redis.LettuceConnectionConfiguration' of type [org.springframework.boot.autoconfigure.data.redis.LettuceConnectionConfiguration] is not eligible for getting processed by all BeanPostProcessors (for example: not eligible for auto-proxying)
2023-03-11 11:03:35.045 [restartedMain] INFO  o.s.c.s.PostProcessorRegistrationDelegate$BeanPostProcessorChecker - Bean 'lettuceClientResources' of type [io.lettuce.core.resource.DefaultClientResources] is not eligible for getting processed by all BeanPostProcessors (for example: not eligible for auto-proxying)
2023-03-11 11:03:35.051 [restartedMain] INFO  o.s.c.s.PostProcessorRegistrationDelegate$BeanPostProcessorChecker - Bean 'redisConnectionFactory' of type [org.springframework.data.redis.connection.lettuce.LettuceConnectionFactory] is not eligible for getting processed by all BeanPostProcessors (for example: not eligible for auto-proxying)
2023-03-11 11:03:35.061 [restartedMain] INFO  o.s.c.s.PostProcessorRegistrationDelegate$BeanPostProcessorChecker - Bean 'redisConfig' of type [com.jtkj.cloud.redis.config.RedisConfig$$EnhancerBySpringCGLIB$$f89aee89] is not eligible for getting processed by all BeanPostProcessors (for example: not eligible for auto-proxying)
2023-03-11 11:03:35.076 [restartedMain] INFO  o.s.c.s.PostProcessorRegistrationDelegate$BeanPostProcessorChecker - Bean 'transactionInterceptorConfig' of type [com.jtkj.cloud.db.localTransactional.config.TransactionInterceptorConfig$$EnhancerBySpringCGLIB$$f31f0178] is not eligible for getting processed by all BeanPostProcessors (for example: not eligible for auto-proxying)
2023-03-11 11:03:35.078 [restartedMain] INFO  o.s.c.s.PostProcessorRegistrationDelegate$BeanPostProcessorChecker - Bean 'defaultPointcutAdvisor' of type [org.springframework.aop.support.DefaultPointcutAdvisor] is not eligible for getting processed by all BeanPostProcessors (for example: not eligible for auto-proxying)
2023-03-11 11:03:35.422 [restartedMain] INFO  o.s.boot.web.embedded.tomcat.TomcatWebServer - Tomcat initialized with port(s): 8080 (http)
2023-03-11 11:03:35.422 [restartedMain] INFO  org.apache.coyote.http11.Http11NioProtocol - Initializing ProtocolHandler ["http-nio-8080"]
2023-03-11 11:03:35.423 [restartedMain] INFO  org.apache.catalina.core.StandardService - Starting service [Tomcat]
2023-03-11 11:03:35.423 [restartedMain] INFO  org.apache.catalina.core.StandardEngine - Starting Servlet engine: [Apache Tomcat/9.0.38]
2023-03-11 11:03:35.901 [restartedMain] INFO  o.a.c.core.ContainerBase.[Tomcat].[localhost].[/] - Initializing Spring embedded WebApplicationContext
2023-03-11 11:03:35.901 [restartedMain] INFO  o.s.b.w.s.c.ServletWebServerApplicationContext - Root WebApplicationContext: initialization completed in 1842 ms
2023-03-11 11:03:35.990 [restartedMain] INFO  org.apache.catalina.core.StandardService - Stopping service [Tomcat]
2023-03-11 11:03:36.002 [restartedMain] INFO  o.s.b.a.l.ConditionEvaluationReportLoggingListener - 

Error starting ApplicationContext. To display the conditions report re-run your application with 'debug' enabled.
2023-03-11 11:03:44.080 [restartedMain] INFO  o.s.c.b.c.PropertySourceBootstrapConfiguration - Located property source: [BootstrapPropertySource {name='bootstrapProperties-bdmp-public-jtprod.yaml,COMMON_GROUP'}, BootstrapPropertySource {name='bootstrapProperties-bdmp-public.yaml,COMMON_GROUP'}, BootstrapPropertySource {name='bootstrapProperties-bdmp-public,COMMON_GROUP'}, BootstrapPropertySource {name='bootstrapProperties-application-skip-url.yaml,COMMON_GROUP'}, BootstrapPropertySource {name='bootstrapProperties-application-redis.yaml,COMMON_GROUP'}, BootstrapPropertySource {name='bootstrapProperties-application-mysql.yaml,COMMON_GROUP'}]
2023-03-11 11:03:44.104 [restartedMain] INFO  com.rhy.bdmp.open.BdmpPublicApplication - The following profiles are active: jtprod
2023-03-11 11:03:44.739 [restartedMain] INFO  o.s.d.r.config.RepositoryConfigurationDelegate - Multiple Spring Data modules found, entering strict repository configuration mode!
2023-03-11 11:03:44.739 [restartedMain] INFO  o.s.d.r.config.RepositoryConfigurationDelegate - Bootstrapping Spring Data Redis repositories in DEFAULT mode.
2023-03-11 11:03:44.741 [restartedMain] INFO  o.s.d.r.config.RepositoryConfigurationDelegate - Finished Spring Data repository scanning in 1ms. Found 0 Redis repository interfaces.
2023-03-11 11:03:44.839 [restartedMain] INFO  o.springframework.cloud.context.scope.GenericScope - BeanFactory id=101957b0-c01f-3bc8-a3ab-ba47a5b9b606
2023-03-11 11:03:44.847 [restartedMain] INFO  o.s.c.s.PostProcessorRegistrationDelegate$BeanPostProcessorChecker - Bean 'com.jtkj.cloud.common.feign.AuthBaseInfo' of type [org.springframework.cloud.openfeign.FeignClientFactoryBean] is not eligible for getting processed by all BeanPostProcessors (for example: not eligible for auto-proxying)
2023-03-11 11:03:44.848 [restartedMain] INFO  o.s.c.s.PostProcessorRegistrationDelegate$BeanPostProcessorChecker - Bean 'com.jtkj.cloud.common.feign.BasicDataInfo' of type [org.springframework.cloud.openfeign.FeignClientFactoryBean] is not eligible for getting processed by all BeanPostProcessors (for example: not eligible for auto-proxying)
2023-03-11 11:03:44.849 [restartedMain] INFO  o.s.c.s.PostProcessorRegistrationDelegate$BeanPostProcessorChecker - Bean 'com.jtkj.cloud.common.feign.CenterMessageFeign' of type [org.springframework.cloud.openfeign.FeignClientFactoryBean] is not eligible for getting processed by all BeanPostProcessors (for example: not eligible for auto-proxying)
2023-03-11 11:03:44.850 [restartedMain] INFO  o.s.c.s.PostProcessorRegistrationDelegate$BeanPostProcessorChecker - Bean 'com.jtkj.cloud.common.feign.FilemanageInfo' of type [org.springframework.cloud.openfeign.FeignClientFactoryBean] is not eligible for getting processed by all BeanPostProcessors (for example: not eligible for auto-proxying)
2023-03-11 11:03:44.851 [restartedMain] INFO  o.s.c.s.PostProcessorRegistrationDelegate$BeanPostProcessorChecker - Bean 'com.jtkj.cloud.common.feign.UserBaseInfo' of type [org.springframework.cloud.openfeign.FeignClientFactoryBean] is not eligible for getting processed by all BeanPostProcessors (for example: not eligible for auto-proxying)
2023-03-11 11:03:44.852 [restartedMain] INFO  o.s.c.s.PostProcessorRegistrationDelegate$BeanPostProcessorChecker - Bean 'com.jtkj.cloud.common.feign.WorkFlowInfo' of type [org.springframework.cloud.openfeign.FeignClientFactoryBean] is not eligible for getting processed by all BeanPostProcessors (for example: not eligible for auto-proxying)
2023-03-11 11:03:44.896 [restartedMain] INFO  o.s.c.s.PostProcessorRegistrationDelegate$BeanPostProcessorChecker - Bean 'spring.redis-org.springframework.boot.autoconfigure.data.redis.RedisProperties' of type [org.springframework.boot.autoconfigure.data.redis.RedisProperties] is not eligible for getting processed by all BeanPostProcessors (for example: not eligible for auto-proxying)
2023-03-11 11:03:44.900 [restartedMain] INFO  o.s.c.s.PostProcessorRegistrationDelegate$BeanPostProcessorChecker - Bean 'org.springframework.boot.autoconfigure.data.redis.LettuceConnectionConfiguration' of type [org.springframework.boot.autoconfigure.data.redis.LettuceConnectionConfiguration] is not eligible for getting processed by all BeanPostProcessors (for example: not eligible for auto-proxying)
2023-03-11 11:03:44.907 [restartedMain] INFO  o.s.c.s.PostProcessorRegistrationDelegate$BeanPostProcessorChecker - Bean 'lettuceClientResources' of type [io.lettuce.core.resource.DefaultClientResources] is not eligible for getting processed by all BeanPostProcessors (for example: not eligible for auto-proxying)
2023-03-11 11:03:44.914 [restartedMain] INFO  o.s.c.s.PostProcessorRegistrationDelegate$BeanPostProcessorChecker - Bean 'redisConnectionFactory' of type [org.springframework.data.redis.connection.lettuce.LettuceConnectionFactory] is not eligible for getting processed by all BeanPostProcessors (for example: not eligible for auto-proxying)
2023-03-11 11:03:44.926 [restartedMain] INFO  o.s.c.s.PostProcessorRegistrationDelegate$BeanPostProcessorChecker - Bean 'redisConfig' of type [com.jtkj.cloud.redis.config.RedisConfig$$EnhancerBySpringCGLIB$$f89aee89] is not eligible for getting processed by all BeanPostProcessors (for example: not eligible for auto-proxying)
2023-03-11 11:03:44.937 [restartedMain] INFO  o.s.c.s.PostProcessorRegistrationDelegate$BeanPostProcessorChecker - Bean 'transactionInterceptorConfig' of type [com.jtkj.cloud.db.localTransactional.config.TransactionInterceptorConfig$$EnhancerBySpringCGLIB$$f31f0178] is not eligible for getting processed by all BeanPostProcessors (for example: not eligible for auto-proxying)
2023-03-11 11:03:44.938 [restartedMain] INFO  o.s.c.s.PostProcessorRegistrationDelegate$BeanPostProcessorChecker - Bean 'defaultPointcutAdvisor' of type [org.springframework.aop.support.DefaultPointcutAdvisor] is not eligible for getting processed by all BeanPostProcessors (for example: not eligible for auto-proxying)
2023-03-11 11:03:45.106 [restartedMain] INFO  o.s.boot.web.embedded.tomcat.TomcatWebServer - Tomcat initialized with port(s): 60055 (http)
2023-03-11 11:03:45.107 [restartedMain] INFO  org.apache.coyote.http11.Http11NioProtocol - Initializing ProtocolHandler ["http-nio-60055"]
2023-03-11 11:03:45.107 [restartedMain] INFO  org.apache.catalina.core.StandardService - Starting service [Tomcat]
2023-03-11 11:03:45.107 [restartedMain] INFO  org.apache.catalina.core.StandardEngine - Starting Servlet engine: [Apache Tomcat/9.0.38]
2023-03-11 11:03:45.155 [restartedMain] INFO  o.a.c.c.C.[Tomcat-1].[localhost].[/bdmpPublic] - Initializing Spring embedded WebApplicationContext
2023-03-11 11:03:45.155 [restartedMain] INFO  o.s.b.w.s.c.ServletWebServerApplicationContext - Root WebApplicationContext: initialization completed in 1045 ms
2023-03-11 11:03:45.240 [restartedMain] INFO  c.jtkj.cloud.db.datasources.core.DynamicDataSource - 更新旧数据源 [master] 成功
2023-03-11 11:03:46.078 [restartedMain] INFO  com.alibaba.druid.pool.DruidDataSource - {dataSource-2} inited
2023-03-11 11:03:46.118 [restartedMain] INFO  c.jtkj.cloud.db.datasources.core.DynamicDataSource - 准备关闭数据源 ....
2023-03-11 11:03:46.121 [restartedMain] INFO  com.alibaba.druid.pool.DruidDataSource - {dataSource-2} closed
2023-03-11 11:03:46.121 [restartedMain] INFO  c.jtkj.cloud.db.datasources.core.DynamicDataSource - 数据源关闭成功
2023-03-11 11:03:46.124 [restartedMain] INFO  org.apache.catalina.core.StandardService - Stopping service [Tomcat]
2023-03-11 11:03:46.133 [restartedMain] INFO  o.s.b.a.l.ConditionEvaluationReportLoggingListener - 

Error starting ApplicationContext. To display the conditions report re-run your application with 'debug' enabled.
2023-03-11 11:04:20.414 [restartedMain] INFO  o.s.c.b.c.PropertySourceBootstrapConfiguration - Located property source: [BootstrapPropertySource {name='bootstrapProperties-bdmp-public-jtprod.yaml,COMMON_GROUP'}, BootstrapPropertySource {name='bootstrapProperties-bdmp-public.yaml,COMMON_GROUP'}, BootstrapPropertySource {name='bootstrapProperties-bdmp-public,COMMON_GROUP'}, BootstrapPropertySource {name='bootstrapProperties-application-skip-url.yaml,COMMON_GROUP'}, BootstrapPropertySource {name='bootstrapProperties-application-redis.yaml,COMMON_GROUP'}, BootstrapPropertySource {name='bootstrapProperties-application-mysql.yaml,COMMON_GROUP'}]
2023-03-11 11:04:20.432 [restartedMain] INFO  com.rhy.bdmp.open.BdmpPublicApplication - The following profiles are active: jtprod
2023-03-11 11:04:22.866 [restartedMain] INFO  o.s.d.r.config.RepositoryConfigurationDelegate - Multiple Spring Data modules found, entering strict repository configuration mode!
2023-03-11 11:04:22.866 [restartedMain] INFO  o.s.d.r.config.RepositoryConfigurationDelegate - Bootstrapping Spring Data Redis repositories in DEFAULT mode.
2023-03-11 11:04:22.919 [restartedMain] INFO  o.s.d.r.config.RepositoryConfigurationDelegate - Finished Spring Data repository scanning in 53ms. Found 0 Redis repository interfaces.
2023-03-11 11:04:23.117 [restartedMain] INFO  o.springframework.cloud.context.scope.GenericScope - BeanFactory id=6efb6d0a-5dba-3b53-a806-35a59d6906cf
2023-03-11 11:04:23.127 [restartedMain] INFO  o.s.c.s.PostProcessorRegistrationDelegate$BeanPostProcessorChecker - Bean 'com.rhy.bdmp.open.modules.assets.feignclient.FeignClientYDJK' of type [org.springframework.cloud.openfeign.FeignClientFactoryBean] is not eligible for getting processed by all BeanPostProcessors (for example: not eligible for auto-proxying)
2023-03-11 11:04:23.127 [restartedMain] INFO  o.s.c.s.PostProcessorRegistrationDelegate$BeanPostProcessorChecker - Bean 'com.jtkj.cloud.common.feign.AuthBaseInfo' of type [org.springframework.cloud.openfeign.FeignClientFactoryBean] is not eligible for getting processed by all BeanPostProcessors (for example: not eligible for auto-proxying)
2023-03-11 11:04:23.128 [restartedMain] INFO  o.s.c.s.PostProcessorRegistrationDelegate$BeanPostProcessorChecker - Bean 'com.jtkj.cloud.common.feign.BasicDataInfo' of type [org.springframework.cloud.openfeign.FeignClientFactoryBean] is not eligible for getting processed by all BeanPostProcessors (for example: not eligible for auto-proxying)
2023-03-11 11:04:23.132 [restartedMain] INFO  o.s.c.s.PostProcessorRegistrationDelegate$BeanPostProcessorChecker - Bean 'com.jtkj.cloud.common.feign.CenterMessageFeign' of type [org.springframework.cloud.openfeign.FeignClientFactoryBean] is not eligible for getting processed by all BeanPostProcessors (for example: not eligible for auto-proxying)
2023-03-11 11:04:23.133 [restartedMain] INFO  o.s.c.s.PostProcessorRegistrationDelegate$BeanPostProcessorChecker - Bean 'com.jtkj.cloud.common.feign.FilemanageInfo' of type [org.springframework.cloud.openfeign.FeignClientFactoryBean] is not eligible for getting processed by all BeanPostProcessors (for example: not eligible for auto-proxying)
2023-03-11 11:04:23.134 [restartedMain] INFO  o.s.c.s.PostProcessorRegistrationDelegate$BeanPostProcessorChecker - Bean 'com.jtkj.cloud.common.feign.UserBaseInfo' of type [org.springframework.cloud.openfeign.FeignClientFactoryBean] is not eligible for getting processed by all BeanPostProcessors (for example: not eligible for auto-proxying)
2023-03-11 11:04:23.134 [restartedMain] INFO  o.s.c.s.PostProcessorRegistrationDelegate$BeanPostProcessorChecker - Bean 'com.jtkj.cloud.common.feign.WorkFlowInfo' of type [org.springframework.cloud.openfeign.FeignClientFactoryBean] is not eligible for getting processed by all BeanPostProcessors (for example: not eligible for auto-proxying)
2023-03-11 11:04:23.135 [restartedMain] INFO  o.s.c.s.PostProcessorRegistrationDelegate$BeanPostProcessorChecker - Bean 'com.rhy.bdmp.open.modules.user.feignclient.AuthFeignClient' of type [org.springframework.cloud.openfeign.FeignClientFactoryBean] is not eligible for getting processed by all BeanPostProcessors (for example: not eligible for auto-proxying)
2023-03-11 11:04:23.136 [restartedMain] INFO  o.s.c.s.PostProcessorRegistrationDelegate$BeanPostProcessorChecker - Bean 'com.rhy.bdmp.open.modules.auth.feignclient.AuthFeignService' of type [org.springframework.cloud.openfeign.FeignClientFactoryBean] is not eligible for getting processed by all BeanPostProcessors (for example: not eligible for auto-proxying)
2023-03-11 11:04:23.205 [restartedMain] INFO  o.s.c.s.PostProcessorRegistrationDelegate$BeanPostProcessorChecker - Bean 'spring.redis-org.springframework.boot.autoconfigure.data.redis.RedisProperties' of type [org.springframework.boot.autoconfigure.data.redis.RedisProperties] is not eligible for getting processed by all BeanPostProcessors (for example: not eligible for auto-proxying)
2023-03-11 11:04:23.210 [restartedMain] INFO  o.s.c.s.PostProcessorRegistrationDelegate$BeanPostProcessorChecker - Bean 'org.springframework.boot.autoconfigure.data.redis.LettuceConnectionConfiguration' of type [org.springframework.boot.autoconfigure.data.redis.LettuceConnectionConfiguration] is not eligible for getting processed by all BeanPostProcessors (for example: not eligible for auto-proxying)
2023-03-11 11:04:23.216 [restartedMain] INFO  o.s.c.s.PostProcessorRegistrationDelegate$BeanPostProcessorChecker - Bean 'lettuceClientResources' of type [io.lettuce.core.resource.DefaultClientResources] is not eligible for getting processed by all BeanPostProcessors (for example: not eligible for auto-proxying)
2023-03-11 11:04:23.222 [restartedMain] INFO  o.s.c.s.PostProcessorRegistrationDelegate$BeanPostProcessorChecker - Bean 'redisConnectionFactory' of type [org.springframework.data.redis.connection.lettuce.LettuceConnectionFactory] is not eligible for getting processed by all BeanPostProcessors (for example: not eligible for auto-proxying)
2023-03-11 11:04:23.231 [restartedMain] INFO  o.s.c.s.PostProcessorRegistrationDelegate$BeanPostProcessorChecker - Bean 'redisConfig' of type [com.jtkj.cloud.redis.config.RedisConfig$$EnhancerBySpringCGLIB$$f89aee89] is not eligible for getting processed by all BeanPostProcessors (for example: not eligible for auto-proxying)
2023-03-11 11:04:23.240 [restartedMain] INFO  o.s.c.s.PostProcessorRegistrationDelegate$BeanPostProcessorChecker - Bean 'transactionInterceptorConfig' of type [com.jtkj.cloud.db.localTransactional.config.TransactionInterceptorConfig$$EnhancerBySpringCGLIB$$f31f0178] is not eligible for getting processed by all BeanPostProcessors (for example: not eligible for auto-proxying)
2023-03-11 11:04:23.241 [restartedMain] INFO  o.s.c.s.PostProcessorRegistrationDelegate$BeanPostProcessorChecker - Bean 'defaultPointcutAdvisor' of type [org.springframework.aop.support.DefaultPointcutAdvisor] is not eligible for getting processed by all BeanPostProcessors (for example: not eligible for auto-proxying)
2023-03-11 11:04:23.399 [restartedMain] INFO  o.s.boot.web.embedded.tomcat.TomcatWebServer - Tomcat initialized with port(s): 60055 (http)
2023-03-11 11:04:23.399 [restartedMain] INFO  org.apache.coyote.http11.Http11NioProtocol - Initializing ProtocolHandler ["http-nio-60055"]
2023-03-11 11:04:23.399 [restartedMain] INFO  org.apache.catalina.core.StandardService - Starting service [Tomcat]
2023-03-11 11:04:23.399 [restartedMain] INFO  org.apache.catalina.core.StandardEngine - Starting Servlet engine: [Apache Tomcat/9.0.38]
2023-03-11 11:04:23.434 [restartedMain] INFO  o.a.c.c.C.[Tomcat-2].[localhost].[/bdmpPublic] - Initializing Spring embedded WebApplicationContext
2023-03-11 11:04:23.434 [restartedMain] INFO  o.s.b.w.s.c.ServletWebServerApplicationContext - Root WebApplicationContext: initialization completed in 2992 ms
2023-03-11 11:04:23.540 [restartedMain] INFO  c.jtkj.cloud.db.datasources.core.DynamicDataSource - 更新旧数据源 [master] 成功
2023-03-11 11:04:24.518 [restartedMain] INFO  com.alibaba.druid.pool.DruidDataSource - {dataSource-3} inited
2023-03-11 11:04:25.539 [restartedMain] INFO  o.s.b.d.autoconfigure.OptionalLiveReloadServer - LiveReload server is running on port 35729
2023-03-11 11:04:26.992 [restartedMain] INFO  s.d.s.w.PropertySourcedRequestMappingHandlerMapping - Mapped URL path [/v2/api-docs] onto method [springfox.documentation.swagger2.web.Swagger2Controller#getDocumentation(String, HttpServletRequest)]
2023-03-11 11:04:27.085 [restartedMain] INFO  com.netflix.config.sources.URLConfigurationSource - To enable URLs as dynamic configuration sources, define System property archaius.configurationSource.additionalUrls or make config.properties available on classpath.
2023-03-11 11:04:27.197 [restartedMain] INFO  o.s.scheduling.concurrent.ThreadPoolTaskExecutor - Initializing ExecutorService 'applicationTaskExecutor'
2023-03-11 11:04:27.226 [restartedMain] INFO  o.s.b.a.web.servlet.WelcomePageHandlerMapping - Adding welcome page: class path resource [static/index.html]
2023-03-11 11:04:27.934 [restartedMain] INFO  com.alibaba.nacos.client.naming - initializer namespace from System Property :null
2023-03-11 11:04:27.934 [restartedMain] INFO  com.alibaba.nacos.client.naming - initializer namespace from System Environment :null
2023-03-11 11:04:27.934 [restartedMain] INFO  com.alibaba.nacos.client.naming - initializer namespace from System Property :null
2023-03-11 11:04:29.103 [restartedMain] INFO  com.alibaba.nacos.client.naming - [LISTENER] adding DEFAULT_GROUP@@bdmp-public with DEFAULT to listener map
2023-03-11 11:04:29.103 [restartedMain] INFO  org.apache.coyote.http11.Http11NioProtocol - Starting ProtocolHandler ["http-nio-60055"]
2023-03-11 11:04:29.111 [restartedMain] INFO  o.s.boot.web.embedded.tomcat.TomcatWebServer - Tomcat started on port(s): 60055 (http) with context path '/bdmpPublic'
2023-03-11 11:04:29.117 [restartedMain] INFO  com.alibaba.nacos.client.naming - [BEAT] adding beat: BeatInfo{port=60055, ip='2.0.1.3', weight=1.0, serviceName='DEFAULT_GROUP@@bdmp-public', cluster='DEFAULT', metadata={preserved.register.source=SPRING_CLOUD}, scheduled=false, period=5000, stopped=false} to beat map.
2023-03-11 11:04:29.117 [restartedMain] INFO  com.alibaba.nacos.client.naming - [REGISTER-SERVICE] 7a1d058e-62e6-4c03-ba3c-36138e04fccb registering service DEFAULT_GROUP@@bdmp-public with instance: Instance{instanceId='null', ip='2.0.1.3', port=60055, weight=1.0, healthy=true, enabled=true, ephemeral=true, clusterName='DEFAULT', serviceName='null', metadata={preserved.register.source=SPRING_CLOUD}}
2023-03-11 11:04:29.127 [restartedMain] INFO  c.a.cloud.nacos.registry.NacosServiceRegistry - nacos registry, DEFAULT_GROUP bdmp-public 2.0.1.3:60055 register finished
2023-03-11 11:04:30.098 [restartedMain] INFO  s.d.s.web.plugins.DocumentationPluginsBootstrapper - Context refreshed
2023-03-11 11:04:30.099 [restartedMain] INFO  s.d.s.web.plugins.DocumentationPluginsBootstrapper - Found 12 custom documentation plugin(s)
2023-03-11 11:04:30.109 [com.alibaba.nacos.client.naming.updater] INFO  com.alibaba.nacos.client.naming - new ips(1) service: DEFAULT_GROUP@@bdmp-public@@DEFAULT -> [{"instanceId":"2.0.1.3#60055#DEFAULT#DEFAULT_GROUP@@bdmp-public","ip":"2.0.1.3","port":60055,"weight":1.0,"healthy":true,"enabled":true,"ephemeral":true,"clusterName":"DEFAULT","serviceName":"DEFAULT_GROUP@@bdmp-public","metadata":{"preserved.register.source":"SPRING_CLOUD"},"instanceHeartBeatTimeOut":15000,"instanceHeartBeatInterval":5000,"ipDeleteTimeout":30000}]
2023-03-11 11:04:30.121 [restartedMain] INFO  s.d.spring.web.scanners.ApiListingReferenceScanner - Scanning for api listing references
2023-03-11 11:04:30.133 [com.alibaba.nacos.client.naming.updater] INFO  com.alibaba.nacos.client.naming - current ips:(1) service: DEFAULT_GROUP@@bdmp-public@@DEFAULT -> [{"instanceId":"2.0.1.3#60055#DEFAULT#DEFAULT_GROUP@@bdmp-public","ip":"2.0.1.3","port":60055,"weight":1.0,"healthy":true,"enabled":true,"ephemeral":true,"clusterName":"DEFAULT","serviceName":"DEFAULT_GROUP@@bdmp-public","metadata":{"preserved.register.source":"SPRING_CLOUD"},"instanceHeartBeatTimeOut":15000,"instanceHeartBeatInterval":5000,"ipDeleteTimeout":30000}]
2023-03-11 11:04:30.139 [com.alibaba.nacos.naming.push.receiver] INFO  com.alibaba.nacos.client.naming - received push data: {"type":"dom","data":"{\"hosts\":[{\"ip\":\"2.0.1.3\",\"port\":60055,\"valid\":true,\"healthy\":true,\"marked\":false,\"instanceId\":\"2.0.1.3#60055#DEFAULT#DEFAULT_GROUP@@bdmp-public\",\"metadata\":{\"preserved.register.source\":\"SPRING_CLOUD\"},\"enabled\":true,\"weight\":1.0,\"clusterName\":\"DEFAULT\",\"serviceName\":\"DEFAULT_GROUP@@bdmp-public\",\"ephemeral\":true}],\"dom\":\"DEFAULT_GROUP@@bdmp-public\",\"name\":\"DEFAULT_GROUP@@bdmp-public\",\"cacheMillis\":10000,\"lastRefTime\":1678503870138,\"checksum\":\"844c563f402a3509e616cba3c79bba69\",\"useSpecifiedURL\":false,\"clusters\":\"DEFAULT\",\"env\":\"\",\"metadata\":{}}","lastRefTime":496831921447900} from /172.16.10.93
2023-03-11 11:04:30.216 [restartedMain] INFO  s.d.spring.web.scanners.ApiListingReferenceScanner - Scanning for api listing references
2023-03-11 11:04:30.407 [restartedMain] INFO  s.d.spring.web.scanners.ApiListingReferenceScanner - Scanning for api listing references
2023-03-11 11:04:30.525 [restartedMain] INFO  s.d.spring.web.scanners.ApiListingReferenceScanner - Scanning for api listing references
2023-03-11 11:04:30.578 [restartedMain] INFO  s.d.spring.web.scanners.ApiListingReferenceScanner - Scanning for api listing references
2023-03-11 11:04:31.916 [restartedMain] INFO  s.d.spring.web.scanners.ApiListingReferenceScanner - Scanning for api listing references
2023-03-11 11:04:32.424 [restartedMain] INFO  s.d.spring.web.scanners.ApiListingReferenceScanner - Scanning for api listing references
2023-03-11 11:04:32.469 [restartedMain] INFO  s.d.spring.web.scanners.ApiListingReferenceScanner - Scanning for api listing references
2023-03-11 11:04:32.605 [restartedMain] INFO  s.d.spring.web.scanners.ApiListingReferenceScanner - Scanning for api listing references
2023-03-11 11:04:32.619 [restartedMain] INFO  s.d.s.w.r.operation.CachingOperationNameGenerator - Generating unique operation named: getOrgListUsingPOST_1
2023-03-11 11:04:32.644 [restartedMain] INFO  s.d.spring.web.scanners.ApiListingReferenceScanner - Scanning for api listing references
2023-03-11 11:04:32.709 [restartedMain] INFO  s.d.s.w.r.operation.CachingOperationNameGenerator - Generating unique operation named: getDeviceDetailUsingPOST_1
2023-03-11 11:04:32.887 [restartedMain] INFO  s.d.spring.web.scanners.ApiListingReferenceScanner - Scanning for api listing references
2023-03-11 11:04:32.939 [restartedMain] INFO  s.d.s.w.r.operation.CachingOperationNameGenerator - Generating unique operation named: getFacListUsingPOST_1
2023-03-11 11:04:32.948 [restartedMain] INFO  s.d.spring.web.scanners.ApiListingReferenceScanner - Scanning for api listing references
2023-03-11 11:04:32.998 [restartedMain] INFO  com.rhy.bdmp.open.BdmpPublicApplication - Started BdmpPublicApplication in 13.88 seconds (JVM running for 52503.847)
2023-03-11 11:04:33.003 [restartedMain] INFO  com.alibaba.nacos.client.config.impl.CacheData - [fixed-127.0.0.1_8848-7a1d058e-62e6-4c03-ba3c-36138e04fccb] [add-listener] ok, tenant=7a1d058e-62e6-4c03-ba3c-36138e04fccb, dataId=bdmp-public-jtprod.yaml, group=COMMON_GROUP, cnt=2
2023-03-11 11:04:33.004 [restartedMain] INFO  com.alibaba.nacos.client.config.impl.ClientWorker - [fixed-127.0.0.1_8848-7a1d058e-62e6-4c03-ba3c-36138e04fccb] [subscribe] null.properties+DEFAULT_GROUP+7a1d058e-62e6-4c03-ba3c-36138e04fccb
2023-03-11 11:04:33.004 [restartedMain] INFO  com.alibaba.nacos.client.config.impl.CacheData - [fixed-127.0.0.1_8848-7a1d058e-62e6-4c03-ba3c-36138e04fccb] [add-listener] ok, tenant=7a1d058e-62e6-4c03-ba3c-36138e04fccb, dataId=null.properties, group=DEFAULT_GROUP, cnt=1
2023-03-11 11:04:33.005 [restartedMain] INFO  com.alibaba.nacos.client.config.impl.CacheData - [fixed-127.0.0.1_8848-7a1d058e-62e6-4c03-ba3c-36138e04fccb] [add-listener] ok, tenant=7a1d058e-62e6-4c03-ba3c-36138e04fccb, dataId=bdmp-public, group=COMMON_GROUP, cnt=2
2023-03-11 11:04:33.005 [restartedMain] INFO  com.alibaba.nacos.client.config.impl.CacheData - [fixed-127.0.0.1_8848-7a1d058e-62e6-4c03-ba3c-36138e04fccb] [add-listener] ok, tenant=7a1d058e-62e6-4c03-ba3c-36138e04fccb, dataId=application-mysql.yaml, group=COMMON_GROUP, cnt=2
2023-03-11 11:04:33.005 [restartedMain] INFO  com.alibaba.nacos.client.config.impl.CacheData - [fixed-127.0.0.1_8848-7a1d058e-62e6-4c03-ba3c-36138e04fccb] [add-listener] ok, tenant=7a1d058e-62e6-4c03-ba3c-36138e04fccb, dataId=application-redis.yaml, group=COMMON_GROUP, cnt=2
2023-03-11 11:04:33.005 [restartedMain] INFO  com.alibaba.nacos.client.config.impl.CacheData - [fixed-127.0.0.1_8848-7a1d058e-62e6-4c03-ba3c-36138e04fccb] [add-listener] ok, tenant=7a1d058e-62e6-4c03-ba3c-36138e04fccb, dataId=application-skip-url.yaml, group=COMMON_GROUP, cnt=2
2023-03-11 11:04:33.006 [restartedMain] INFO  com.alibaba.nacos.client.config.impl.CacheData - [fixed-127.0.0.1_8848-7a1d058e-62e6-4c03-ba3c-36138e04fccb] [add-listener] ok, tenant=7a1d058e-62e6-4c03-ba3c-36138e04fccb, dataId=bdmp-public.yaml, group=COMMON_GROUP, cnt=2
2023-03-11 11:04:33.009 [restartedMain] INFO  o.s.b.d.a.ConditionEvaluationDeltaLoggingListener - Condition evaluation unchanged
2023-03-11 11:04:35.680 [Thread-65] INFO  com.netflix.loadbalancer.PollingServerListUpdater - Shutting down the Executor Pool for PollingServerListUpdater
2023-03-11 11:04:46.166 [background-preinit] INFO  org.hibernate.validator.internal.util.Version - HV000001: Hibernate Validator 6.1.5.Final
2023-03-11 11:04:46.228 [restartedMain] INFO  o.s.b.d.env.DevToolsPropertyDefaultsPostProcessor - Devtools property defaults active! Set 'spring.devtools.add-properties' to 'false' to disable
2023-03-11 11:04:47.212 [restartedMain] INFO  c.a.n.client.config.impl.LocalConfigInfoProcessor - LOCAL_SNAPSHOT_PATH:C:\Users\hugh\nacos\config
2023-03-11 11:04:47.254 [restartedMain] INFO  com.alibaba.nacos.client.config.impl.Limiter - limitTime:5.0
2023-03-11 11:04:47.294 [restartedMain] INFO  com.alibaba.nacos.client.config.utils.JvmUtil - isMultiInstance:false
2023-03-11 11:04:47.324 [restartedMain] INFO  o.s.c.b.c.PropertySourceBootstrapConfiguration - Located property source: [BootstrapPropertySource {name='bootstrapProperties-bdmp-public-jtprod.yaml,COMMON_GROUP'}, BootstrapPropertySource {name='bootstrapProperties-bdmp-public.yaml,COMMON_GROUP'}, BootstrapPropertySource {name='bootstrapProperties-bdmp-public,COMMON_GROUP'}, BootstrapPropertySource {name='bootstrapProperties-application-skip-url.yaml,COMMON_GROUP'}, BootstrapPropertySource {name='bootstrapProperties-application-redis.yaml,COMMON_GROUP'}, BootstrapPropertySource {name='bootstrapProperties-application-mysql.yaml,COMMON_GROUP'}]
2023-03-11 11:04:47.408 [restartedMain] INFO  com.rhy.bdmp.open.BdmpPublicApplication - The following profiles are active: jtprod
2023-03-11 11:04:48.712 [restartedMain] INFO  o.s.d.r.config.RepositoryConfigurationDelegate - Multiple Spring Data modules found, entering strict repository configuration mode!
2023-03-11 11:04:48.715 [restartedMain] INFO  o.s.d.r.config.RepositoryConfigurationDelegate - Bootstrapping Spring Data Redis repositories in DEFAULT mode.
2023-03-11 11:04:48.786 [restartedMain] INFO  o.s.d.r.config.RepositoryConfigurationDelegate - Finished Spring Data repository scanning in 53ms. Found 0 Redis repository interfaces.
2023-03-11 11:04:49.268 [restartedMain] INFO  o.springframework.cloud.context.scope.GenericScope - BeanFactory id=6efb6d0a-5dba-3b53-a806-35a59d6906cf
2023-03-11 11:04:49.333 [restartedMain] INFO  o.s.c.s.PostProcessorRegistrationDelegate$BeanPostProcessorChecker - Bean 'com.rhy.bdmp.open.modules.assets.feignclient.FeignClientYDJK' of type [org.springframework.cloud.openfeign.FeignClientFactoryBean] is not eligible for getting processed by all BeanPostProcessors (for example: not eligible for auto-proxying)
2023-03-11 11:04:49.335 [restartedMain] INFO  o.s.c.s.PostProcessorRegistrationDelegate$BeanPostProcessorChecker - Bean 'com.jtkj.cloud.common.feign.AuthBaseInfo' of type [org.springframework.cloud.openfeign.FeignClientFactoryBean] is not eligible for getting processed by all BeanPostProcessors (for example: not eligible for auto-proxying)
2023-03-11 11:04:49.335 [restartedMain] INFO  o.s.c.s.PostProcessorRegistrationDelegate$BeanPostProcessorChecker - Bean 'com.jtkj.cloud.common.feign.BasicDataInfo' of type [org.springframework.cloud.openfeign.FeignClientFactoryBean] is not eligible for getting processed by all BeanPostProcessors (for example: not eligible for auto-proxying)
2023-03-11 11:04:49.337 [restartedMain] INFO  o.s.c.s.PostProcessorRegistrationDelegate$BeanPostProcessorChecker - Bean 'com.jtkj.cloud.common.feign.CenterMessageFeign' of type [org.springframework.cloud.openfeign.FeignClientFactoryBean] is not eligible for getting processed by all BeanPostProcessors (for example: not eligible for auto-proxying)
2023-03-11 11:04:49.338 [restartedMain] INFO  o.s.c.s.PostProcessorRegistrationDelegate$BeanPostProcessorChecker - Bean 'com.jtkj.cloud.common.feign.FilemanageInfo' of type [org.springframework.cloud.openfeign.FeignClientFactoryBean] is not eligible for getting processed by all BeanPostProcessors (for example: not eligible for auto-proxying)
2023-03-11 11:04:49.340 [restartedMain] INFO  o.s.c.s.PostProcessorRegistrationDelegate$BeanPostProcessorChecker - Bean 'com.jtkj.cloud.common.feign.UserBaseInfo' of type [org.springframework.cloud.openfeign.FeignClientFactoryBean] is not eligible for getting processed by all BeanPostProcessors (for example: not eligible for auto-proxying)
2023-03-11 11:04:49.342 [restartedMain] INFO  o.s.c.s.PostProcessorRegistrationDelegate$BeanPostProcessorChecker - Bean 'com.jtkj.cloud.common.feign.WorkFlowInfo' of type [org.springframework.cloud.openfeign.FeignClientFactoryBean] is not eligible for getting processed by all BeanPostProcessors (for example: not eligible for auto-proxying)
2023-03-11 11:04:49.343 [restartedMain] INFO  o.s.c.s.PostProcessorRegistrationDelegate$BeanPostProcessorChecker - Bean 'com.rhy.bdmp.open.modules.user.feignclient.AuthFeignClient' of type [org.springframework.cloud.openfeign.FeignClientFactoryBean] is not eligible for getting processed by all BeanPostProcessors (for example: not eligible for auto-proxying)
2023-03-11 11:04:49.344 [restartedMain] INFO  o.s.c.s.PostProcessorRegistrationDelegate$BeanPostProcessorChecker - Bean 'com.rhy.bdmp.open.modules.auth.feignclient.AuthFeignService' of type [org.springframework.cloud.openfeign.FeignClientFactoryBean] is not eligible for getting processed by all BeanPostProcessors (for example: not eligible for auto-proxying)
2023-03-11 11:04:49.754 [restartedMain] INFO  o.s.c.s.PostProcessorRegistrationDelegate$BeanPostProcessorChecker - Bean 'spring.redis-org.springframework.boot.autoconfigure.data.redis.RedisProperties' of type [org.springframework.boot.autoconfigure.data.redis.RedisProperties] is not eligible for getting processed by all BeanPostProcessors (for example: not eligible for auto-proxying)
2023-03-11 11:04:49.765 [restartedMain] INFO  o.s.c.s.PostProcessorRegistrationDelegate$BeanPostProcessorChecker - Bean 'org.springframework.boot.autoconfigure.data.redis.LettuceConnectionConfiguration' of type [org.springframework.boot.autoconfigure.data.redis.LettuceConnectionConfiguration] is not eligible for getting processed by all BeanPostProcessors (for example: not eligible for auto-proxying)
2023-03-11 11:04:49.975 [restartedMain] INFO  o.s.c.s.PostProcessorRegistrationDelegate$BeanPostProcessorChecker - Bean 'lettuceClientResources' of type [io.lettuce.core.resource.DefaultClientResources] is not eligible for getting processed by all BeanPostProcessors (for example: not eligible for auto-proxying)
2023-03-11 11:04:50.116 [restartedMain] INFO  o.s.c.s.PostProcessorRegistrationDelegate$BeanPostProcessorChecker - Bean 'redisConnectionFactory' of type [org.springframework.data.redis.connection.lettuce.LettuceConnectionFactory] is not eligible for getting processed by all BeanPostProcessors (for example: not eligible for auto-proxying)
2023-03-11 11:04:50.137 [restartedMain] INFO  o.s.c.s.PostProcessorRegistrationDelegate$BeanPostProcessorChecker - Bean 'redisConfig' of type [com.jtkj.cloud.redis.config.RedisConfig$$EnhancerBySpringCGLIB$$8d14b38] is not eligible for getting processed by all BeanPostProcessors (for example: not eligible for auto-proxying)
2023-03-11 11:04:50.188 [restartedMain] INFO  o.s.c.s.PostProcessorRegistrationDelegate$BeanPostProcessorChecker - Bean 'transactionInterceptorConfig' of type [com.jtkj.cloud.db.localTransactional.config.TransactionInterceptorConfig$$EnhancerBySpringCGLIB$$3555e27] is not eligible for getting processed by all BeanPostProcessors (for example: not eligible for auto-proxying)
2023-03-11 11:04:50.199 [restartedMain] INFO  o.s.c.s.PostProcessorRegistrationDelegate$BeanPostProcessorChecker - Bean 'defaultPointcutAdvisor' of type [org.springframework.aop.support.DefaultPointcutAdvisor] is not eligible for getting processed by all BeanPostProcessors (for example: not eligible for auto-proxying)
2023-03-11 11:04:51.016 [restartedMain] INFO  o.s.boot.web.embedded.tomcat.TomcatWebServer - Tomcat initialized with port(s): 60055 (http)
2023-03-11 11:04:51.028 [restartedMain] INFO  org.apache.coyote.http11.Http11NioProtocol - Initializing ProtocolHandler ["http-nio-60055"]
2023-03-11 11:04:51.029 [restartedMain] INFO  org.apache.catalina.core.StandardService - Starting service [Tomcat]
2023-03-11 11:04:51.029 [restartedMain] INFO  org.apache.catalina.core.StandardEngine - Starting Servlet engine: [Apache Tomcat/9.0.38]
2023-03-11 11:04:51.197 [restartedMain] INFO  o.a.c.c.C.[Tomcat].[localhost].[/bdmpPublic] - Initializing Spring embedded WebApplicationContext
2023-03-11 11:04:51.197 [restartedMain] INFO  o.s.b.w.s.c.ServletWebServerApplicationContext - Root WebApplicationContext: initialization completed in 3753 ms
2023-03-11 11:04:52.645 [restartedMain] INFO  c.jtkj.cloud.db.datasources.core.DynamicDataSource - 添加新数据源 [master] 成功
2023-03-11 11:04:53.400 [restartedMain] INFO  com.alibaba.druid.pool.DruidDataSource - {dataSource-1} inited
2023-03-11 11:04:55.266 [restartedMain] INFO  o.s.b.d.autoconfigure.OptionalLiveReloadServer - LiveReload server is running on port 35729
2023-03-11 11:04:56.959 [restartedMain] INFO  s.d.s.w.PropertySourcedRequestMappingHandlerMapping - Mapped URL path [/v2/api-docs] onto method [springfox.documentation.swagger2.web.Swagger2Controller#getDocumentation(String, HttpServletRequest)]
2023-03-11 11:04:57.072 [restartedMain] INFO  com.netflix.config.sources.URLConfigurationSource - To enable URLs as dynamic configuration sources, define System property archaius.configurationSource.additionalUrls or make config.properties available on classpath.
2023-03-11 11:04:57.077 [restartedMain] INFO  com.netflix.config.sources.URLConfigurationSource - To enable URLs as dynamic configuration sources, define System property archaius.configurationSource.additionalUrls or make config.properties available on classpath.
2023-03-11 11:04:57.216 [restartedMain] INFO  o.s.scheduling.concurrent.ThreadPoolTaskExecutor - Initializing ExecutorService 'applicationTaskExecutor'
2023-03-11 11:04:57.284 [restartedMain] INFO  o.s.b.a.web.servlet.WelcomePageHandlerMapping - Adding welcome page: class path resource [static/index.html]
2023-03-11 11:04:57.938 [restartedMain] INFO  com.alibaba.nacos.client.naming - initializer namespace from System Property :null
2023-03-11 11:04:57.938 [restartedMain] INFO  com.alibaba.nacos.client.naming - initializer namespace from System Environment :null
2023-03-11 11:04:57.939 [restartedMain] INFO  com.alibaba.nacos.client.naming - initializer namespace from System Property :null
2023-03-11 11:04:59.594 [restartedMain] INFO  com.alibaba.nacos.client.naming - new ips(1) service: DEFAULT_GROUP@@bdmp-public@@DEFAULT -> [{"instanceId":"2.0.1.3#60055#DEFAULT#DEFAULT_GROUP@@bdmp-public","ip":"2.0.1.3","port":60055,"weight":1.0,"healthy":true,"enabled":true,"ephemeral":true,"clusterName":"DEFAULT","serviceName":"DEFAULT_GROUP@@bdmp-public","metadata":{"preserved.register.source":"SPRING_CLOUD"},"instanceHeartBeatInterval":5000,"instanceHeartBeatTimeOut":15000,"ipDeleteTimeout":30000}]
2023-03-11 11:04:59.608 [restartedMain] INFO  com.alibaba.nacos.client.naming - current ips:(1) service: DEFAULT_GROUP@@bdmp-public@@DEFAULT -> [{"instanceId":"2.0.1.3#60055#DEFAULT#DEFAULT_GROUP@@bdmp-public","ip":"2.0.1.3","port":60055,"weight":1.0,"healthy":true,"enabled":true,"ephemeral":true,"clusterName":"DEFAULT","serviceName":"DEFAULT_GROUP@@bdmp-public","metadata":{"preserved.register.source":"SPRING_CLOUD"},"instanceHeartBeatInterval":5000,"instanceHeartBeatTimeOut":15000,"ipDeleteTimeout":30000}]
2023-03-11 11:04:59.609 [restartedMain] INFO  com.alibaba.nacos.client.naming - [LISTENER] adding DEFAULT_GROUP@@bdmp-public with DEFAULT to listener map
2023-03-11 11:04:59.609 [restartedMain] INFO  org.apache.coyote.http11.Http11NioProtocol - Starting ProtocolHandler ["http-nio-60055"]
2023-03-11 11:04:59.641 [restartedMain] INFO  o.s.boot.web.embedded.tomcat.TomcatWebServer - Tomcat started on port(s): 60055 (http) with context path '/bdmpPublic'
2023-03-11 11:04:59.647 [restartedMain] INFO  com.alibaba.nacos.client.naming - [BEAT] adding beat: BeatInfo{port=60055, ip='2.0.1.3', weight=1.0, serviceName='DEFAULT_GROUP@@bdmp-public', cluster='DEFAULT', metadata={preserved.register.source=SPRING_CLOUD}, scheduled=false, period=5000, stopped=false} to beat map.
2023-03-11 11:04:59.648 [restartedMain] INFO  com.alibaba.nacos.client.naming - [REGISTER-SERVICE] 7a1d058e-62e6-4c03-ba3c-36138e04fccb registering service DEFAULT_GROUP@@bdmp-public with instance: Instance{instanceId='null', ip='2.0.1.3', port=60055, weight=1.0, healthy=true, enabled=true, ephemeral=true, clusterName='DEFAULT', serviceName='null', metadata={preserved.register.source=SPRING_CLOUD}}
2023-03-11 11:04:59.652 [restartedMain] INFO  c.a.cloud.nacos.registry.NacosServiceRegistry - nacos registry, DEFAULT_GROUP bdmp-public 2.0.1.3:60055 register finished
2023-03-11 11:05:00.032 [restartedMain] INFO  s.d.s.web.plugins.DocumentationPluginsBootstrapper - Context refreshed
2023-03-11 11:05:00.052 [restartedMain] INFO  s.d.s.web.plugins.DocumentationPluginsBootstrapper - Found 12 custom documentation plugin(s)
2023-03-11 11:05:00.110 [restartedMain] INFO  s.d.spring.web.scanners.ApiListingReferenceScanner - Scanning for api listing references
2023-03-11 11:05:00.303 [restartedMain] INFO  s.d.spring.web.scanners.ApiListingReferenceScanner - Scanning for api listing references
2023-03-11 11:05:00.342 [restartedMain] INFO  s.d.spring.web.scanners.ApiListingReferenceScanner - Scanning for api listing references
2023-03-11 11:05:00.372 [restartedMain] INFO  s.d.spring.web.scanners.ApiListingReferenceScanner - Scanning for api listing references
2023-03-11 11:05:00.385 [restartedMain] INFO  s.d.spring.web.scanners.ApiListingReferenceScanner - Scanning for api listing references
2023-03-11 11:05:00.545 [restartedMain] INFO  s.d.spring.web.scanners.ApiListingReferenceScanner - Scanning for api listing references
2023-03-11 11:05:00.656 [com.alibaba.nacos.naming.push.receiver] INFO  com.alibaba.nacos.client.naming - received push data: {"type":"dom","data":"{\"hosts\":[{\"ip\":\"2.0.1.3\",\"port\":60055,\"valid\":true,\"healthy\":true,\"marked\":false,\"instanceId\":\"2.0.1.3#60055#DEFAULT#DEFAULT_GROUP@@bdmp-public\",\"metadata\":{\"preserved.register.source\":\"SPRING_CLOUD\"},\"enabled\":true,\"weight\":1.0,\"clusterName\":\"DEFAULT\",\"serviceName\":\"DEFAULT_GROUP@@bdmp-public\",\"ephemeral\":true}],\"dom\":\"DEFAULT_GROUP@@bdmp-public\",\"name\":\"DEFAULT_GROUP@@bdmp-public\",\"cacheMillis\":10000,\"lastRefTime\":1678503900655,\"checksum\":\"a486f4dfe1764383093f864dc8ea5cc5\",\"useSpecifiedURL\":false,\"clusters\":\"DEFAULT\",\"env\":\"\",\"metadata\":{}}","lastRefTime":496862438425400} from /172.16.10.93
2023-03-11 11:05:00.722 [restartedMain] INFO  s.d.spring.web.scanners.ApiListingReferenceScanner - Scanning for api listing references
2023-03-11 11:05:00.732 [restartedMain] INFO  s.d.spring.web.scanners.ApiListingReferenceScanner - Scanning for api listing references
2023-03-11 11:05:00.755 [restartedMain] INFO  s.d.spring.web.scanners.ApiListingReferenceScanner - Scanning for api listing references
2023-03-11 11:05:00.761 [restartedMain] INFO  s.d.s.w.r.operation.CachingOperationNameGenerator - Generating unique operation named: getOrgListUsingPOST_1
2023-03-11 11:05:00.772 [restartedMain] INFO  s.d.spring.web.scanners.ApiListingReferenceScanner - Scanning for api listing references
2023-03-11 11:05:00.804 [restartedMain] INFO  s.d.s.w.r.operation.CachingOperationNameGenerator - Generating unique operation named: getDeviceDetailUsingPOST_1
2023-03-11 11:05:00.828 [restartedMain] INFO  s.d.spring.web.scanners.ApiListingReferenceScanner - Scanning for api listing references
2023-03-11 11:05:00.834 [restartedMain] INFO  s.d.s.w.r.operation.CachingOperationNameGenerator - Generating unique operation named: getFacListUsingPOST_1
2023-03-11 11:05:00.839 [restartedMain] INFO  s.d.spring.web.scanners.ApiListingReferenceScanner - Scanning for api listing references
2023-03-11 11:05:00.865 [restartedMain] INFO  com.rhy.bdmp.open.BdmpPublicApplication - Started BdmpPublicApplication in 15.812 seconds (JVM running for 18.023)
2023-03-11 11:05:00.869 [restartedMain] INFO  com.alibaba.nacos.client.config.impl.ClientWorker - [fixed-127.0.0.1_8848-7a1d058e-62e6-4c03-ba3c-36138e04fccb] [subscribe] bdmp-public-jtprod.yaml+COMMON_GROUP+7a1d058e-62e6-4c03-ba3c-36138e04fccb
2023-03-11 11:05:00.870 [restartedMain] INFO  com.alibaba.nacos.client.config.impl.CacheData - [fixed-127.0.0.1_8848-7a1d058e-62e6-4c03-ba3c-36138e04fccb] [add-listener] ok, tenant=7a1d058e-62e6-4c03-ba3c-36138e04fccb, dataId=bdmp-public-jtprod.yaml, group=COMMON_GROUP, cnt=1
2023-03-11 11:05:00.871 [restartedMain] INFO  com.alibaba.nacos.client.config.impl.ClientWorker - [fixed-127.0.0.1_8848-7a1d058e-62e6-4c03-ba3c-36138e04fccb] [subscribe] bdmp-public+COMMON_GROUP+7a1d058e-62e6-4c03-ba3c-36138e04fccb
2023-03-11 11:05:00.871 [restartedMain] INFO  com.alibaba.nacos.client.config.impl.CacheData - [fixed-127.0.0.1_8848-7a1d058e-62e6-4c03-ba3c-36138e04fccb] [add-listener] ok, tenant=7a1d058e-62e6-4c03-ba3c-36138e04fccb, dataId=bdmp-public, group=COMMON_GROUP, cnt=1
2023-03-11 11:05:00.879 [restartedMain] INFO  com.alibaba.nacos.client.config.impl.ClientWorker - [fixed-127.0.0.1_8848-7a1d058e-62e6-4c03-ba3c-36138e04fccb] [subscribe] application-mysql.yaml+COMMON_GROUP+7a1d058e-62e6-4c03-ba3c-36138e04fccb
2023-03-11 11:05:00.879 [restartedMain] INFO  com.alibaba.nacos.client.config.impl.CacheData - [fixed-127.0.0.1_8848-7a1d058e-62e6-4c03-ba3c-36138e04fccb] [add-listener] ok, tenant=7a1d058e-62e6-4c03-ba3c-36138e04fccb, dataId=application-mysql.yaml, group=COMMON_GROUP, cnt=1
2023-03-11 11:05:00.886 [restartedMain] INFO  com.alibaba.nacos.client.config.impl.ClientWorker - [fixed-127.0.0.1_8848-7a1d058e-62e6-4c03-ba3c-36138e04fccb] [subscribe] application-redis.yaml+COMMON_GROUP+7a1d058e-62e6-4c03-ba3c-36138e04fccb
2023-03-11 11:05:00.886 [restartedMain] INFO  com.alibaba.nacos.client.config.impl.CacheData - [fixed-127.0.0.1_8848-7a1d058e-62e6-4c03-ba3c-36138e04fccb] [add-listener] ok, tenant=7a1d058e-62e6-4c03-ba3c-36138e04fccb, dataId=application-redis.yaml, group=COMMON_GROUP, cnt=1
2023-03-11 11:05:00.893 [restartedMain] INFO  com.alibaba.nacos.client.config.impl.ClientWorker - [fixed-127.0.0.1_8848-7a1d058e-62e6-4c03-ba3c-36138e04fccb] [subscribe] application-skip-url.yaml+COMMON_GROUP+7a1d058e-62e6-4c03-ba3c-36138e04fccb
2023-03-11 11:05:00.893 [restartedMain] INFO  com.alibaba.nacos.client.config.impl.CacheData - [fixed-127.0.0.1_8848-7a1d058e-62e6-4c03-ba3c-36138e04fccb] [add-listener] ok, tenant=7a1d058e-62e6-4c03-ba3c-36138e04fccb, dataId=application-skip-url.yaml, group=COMMON_GROUP, cnt=1
2023-03-11 11:05:00.894 [restartedMain] INFO  com.alibaba.nacos.client.config.impl.ClientWorker - [fixed-127.0.0.1_8848-7a1d058e-62e6-4c03-ba3c-36138e04fccb] [subscribe] bdmp-public.yaml+COMMON_GROUP+7a1d058e-62e6-4c03-ba3c-36138e04fccb
2023-03-11 11:05:00.894 [restartedMain] INFO  com.alibaba.nacos.client.config.impl.CacheData - [fixed-127.0.0.1_8848-7a1d058e-62e6-4c03-ba3c-36138e04fccb] [add-listener] ok, tenant=7a1d058e-62e6-4c03-ba3c-36138e04fccb, dataId=bdmp-public.yaml, group=COMMON_GROUP, cnt=1
2023-03-11 11:05:05.678 [com.alibaba.nacos.naming.push.receiver] INFO  com.alibaba.nacos.client.naming - received push data: {"type":"dom","data":"{\"hosts\":[{\"ip\":\"2.0.1.3\",\"port\":60055,\"valid\":true,\"healthy\":true,\"marked\":false,\"instanceId\":\"2.0.1.3#60055#DEFAULT#DEFAULT_GROUP@@bdmp-public\",\"metadata\":{\"preserved.register.source\":\"SPRING_CLOUD\"},\"enabled\":true,\"weight\":1.0,\"clusterName\":\"DEFAULT\",\"serviceName\":\"DEFAULT_GROUP@@bdmp-public\",\"ephemeral\":true}],\"dom\":\"DEFAULT_GROUP@@bdmp-public\",\"name\":\"DEFAULT_GROUP@@bdmp-public\",\"cacheMillis\":10000,\"lastRefTime\":1678503905678,\"checksum\":\"844c563f402a3509e616cba3c79bba69\",\"useSpecifiedURL\":false,\"clusters\":\"DEFAULT\",\"env\":\"\",\"metadata\":{}}","lastRefTime":496867460783100} from /172.16.10.93
2023-03-11 11:05:39.745 [http-nio-60055-exec-1] INFO  o.a.c.c.C.[Tomcat].[localhost].[/bdmpPublic] - Initializing Spring DispatcherServlet 'dispatcherServlet'
2023-03-11 11:05:39.746 [http-nio-60055-exec-1] INFO  org.springframework.web.servlet.DispatcherServlet - Initializing Servlet 'dispatcherServlet'
2023-03-11 11:05:39.772 [http-nio-60055-exec-1] INFO  org.springframework.web.servlet.DispatcherServlet - Completed initialization in 26 ms
2023-03-11 11:05:48.664 [http-nio-60055-exec-1] INFO  com.netflix.config.ChainedDynamicProperty - Flipping property: system-manager-server.ribbon.ActiveConnectionsLimit to use NEXT property: niws.loadbalancer.availabilityFilteringRule.activeConnectionsLimit = 2147483647
2023-03-11 11:05:48.681 [http-nio-60055-exec-1] INFO  com.netflix.loadbalancer.BaseLoadBalancer - Client: system-manager-server instantiated a LoadBalancer: DynamicServerListLoadBalancer:{NFLoadBalancer:name=system-manager-server,current list of Servers=[],Load balancer stats=Zone stats: {},Server stats: []}ServerList:null
2023-03-11 11:05:48.687 [http-nio-60055-exec-1] INFO  c.n.loadbalancer.DynamicServerListLoadBalancer - Using serverListUpdater PollingServerListUpdater
2023-03-11 11:05:48.692 [http-nio-60055-exec-1] INFO  com.alibaba.nacos.client.naming - new ips(1) service: DEFAULT_GROUP@@system-manager-server -> [{"instanceId":"172.16.10.93#9100#DEFAULT#DEFAULT_GROUP@@system-manager-server","ip":"172.16.10.93","port":9100,"weight":1.0,"healthy":true,"enabled":true,"ephemeral":true,"clusterName":"DEFAULT","serviceName":"DEFAULT_GROUP@@system-manager-server","metadata":{"preserved.register.source":"SPRING_CLOUD"},"instanceHeartBeatInterval":5000,"instanceHeartBeatTimeOut":15000,"ipDeleteTimeout":30000}]
2023-03-11 11:05:48.698 [http-nio-60055-exec-1] INFO  com.alibaba.nacos.client.naming - current ips:(1) service: DEFAULT_GROUP@@system-manager-server -> [{"instanceId":"172.16.10.93#9100#DEFAULT#DEFAULT_GROUP@@system-manager-server","ip":"172.16.10.93","port":9100,"weight":1.0,"healthy":true,"enabled":true,"ephemeral":true,"clusterName":"DEFAULT","serviceName":"DEFAULT_GROUP@@system-manager-server","metadata":{"preserved.register.source":"SPRING_CLOUD"},"instanceHeartBeatInterval":5000,"instanceHeartBeatTimeOut":15000,"ipDeleteTimeout":30000}]
2023-03-11 11:05:48.708 [http-nio-60055-exec-1] INFO  com.netflix.config.ChainedDynamicProperty - Flipping property: system-manager-server.ribbon.ActiveConnectionsLimit to use NEXT property: niws.loadbalancer.availabilityFilteringRule.activeConnectionsLimit = 2147483647
2023-03-11 11:05:48.710 [http-nio-60055-exec-1] INFO  c.n.loadbalancer.DynamicServerListLoadBalancer - DynamicServerListLoadBalancer for client system-manager-server initialized: DynamicServerListLoadBalancer:{NFLoadBalancer:name=system-manager-server,current list of Servers=[172.16.10.93:9100],Load balancer stats=Zone stats: {unknown=[Zone:unknown;	Instance count:1;	Active connections count: 0;	Circuit breaker tripped count: 0;	Active connections per server: 0.0;]
},Server stats: [[Server:172.16.10.93:9100;	Zone:UNKNOWN;	Total Requests:0;	Successive connection failure:0;	Total blackout seconds:0;	Last connection made:Thu Jan 01 08:00:00 CST 1970;	First connection made: Thu Jan 01 08:00:00 CST 1970;	Active Connections:0;	total failure count in last (1000) msecs:0;	average resp time:0.0;	90 percentile resp time:0.0;	95 percentile resp time:0.0;	min resp time:0.0;	max resp time:0.0;	stddev resp time:0.0]
]}ServerList:com.alibaba.cloud.nacos.ribbon.NacosServerList@290f4b21
2023-03-11 11:05:49.695 [PollingServerListUpdater-0] INFO  com.netflix.config.ChainedDynamicProperty - Flipping property: system-manager-server.ribbon.ActiveConnectionsLimit to use NEXT property: niws.loadbalancer.availabilityFilteringRule.activeConnectionsLimit = 2147483647
2023-03-11 12:30:25.956 [com.alibaba.nacos.naming.push.receiver] INFO  com.alibaba.nacos.client.naming - received push data: {"type":"dom","data":"{\"dom\":\"DEFAULT_GROUP@@system-manager-server\",\"name\":\"DEFAULT_GROUP@@system-manager-server\",\"cacheMillis\":10000,\"lastRefTime\":1678509025946,\"checksum\":\"4e8988d03a7f45ea06ccd659799135fd\",\"useSpecifiedURL\":false,\"clusters\":\"\",\"env\":\"\",\"hosts\":[],\"metadata\":{}}","lastRefTime":501987727244000} from /172.16.10.93
2023-03-11 12:30:25.987 [com.alibaba.nacos.naming.push.receiver] INFO  com.alibaba.nacos.client.naming - removed ips(1) service: DEFAULT_GROUP@@system-manager-server -> [{"instanceId":"172.16.10.93#9100#DEFAULT#DEFAULT_GROUP@@system-manager-server","ip":"172.16.10.93","port":9100,"weight":1.0,"healthy":true,"enabled":true,"ephemeral":true,"clusterName":"DEFAULT","serviceName":"DEFAULT_GROUP@@system-manager-server","metadata":{"preserved.register.source":"SPRING_CLOUD"},"instanceHeartBeatInterval":5000,"instanceHeartBeatTimeOut":15000,"ipDeleteTimeout":30000}]
2023-03-11 12:30:26.005 [com.alibaba.nacos.naming.push.receiver] INFO  com.alibaba.nacos.client.naming - current ips:(0) service: DEFAULT_GROUP@@system-manager-server -> []
2023-03-11 12:37:39.215 [com.alibaba.nacos.naming.push.receiver] INFO  com.alibaba.nacos.client.naming - received push data: {"type":"dom","data":"{\"hosts\":[{\"ip\":\"2.0.1.3\",\"port\":9100,\"valid\":true,\"healthy\":true,\"marked\":false,\"instanceId\":\"2.0.1.3#9100#DEFAULT#DEFAULT_GROUP@@system-manager-server\",\"metadata\":{\"preserved.register.source\":\"SPRING_CLOUD\"},\"enabled\":true,\"weight\":1.0,\"clusterName\":\"DEFAULT\",\"serviceName\":\"DEFAULT_GROUP@@system-manager-server\",\"ephemeral\":true}],\"dom\":\"DEFAULT_GROUP@@system-manager-server\",\"name\":\"DEFAULT_GROUP@@system-manager-server\",\"cacheMillis\":10000,\"lastRefTime\":1678509459214,\"checksum\":\"083f905fe3192354389592f6d4ae6064\",\"useSpecifiedURL\":false,\"clusters\":\"\",\"env\":\"\",\"metadata\":{}}","lastRefTime":502420996816200} from /172.16.10.93
2023-03-11 12:37:39.216 [com.alibaba.nacos.naming.push.receiver] INFO  com.alibaba.nacos.client.naming - new ips(1) service: DEFAULT_GROUP@@system-manager-server -> [{"instanceId":"2.0.1.3#9100#DEFAULT#DEFAULT_GROUP@@system-manager-server","ip":"2.0.1.3","port":9100,"weight":1.0,"healthy":true,"enabled":true,"ephemeral":true,"clusterName":"DEFAULT","serviceName":"DEFAULT_GROUP@@system-manager-server","metadata":{"preserved.register.source":"SPRING_CLOUD"},"instanceHeartBeatInterval":5000,"instanceHeartBeatTimeOut":15000,"ipDeleteTimeout":30000}]
2023-03-11 12:37:39.225 [com.alibaba.nacos.naming.push.receiver] INFO  com.alibaba.nacos.client.naming - current ips:(1) service: DEFAULT_GROUP@@system-manager-server -> [{"instanceId":"2.0.1.3#9100#DEFAULT#DEFAULT_GROUP@@system-manager-server","ip":"2.0.1.3","port":9100,"weight":1.0,"healthy":true,"enabled":true,"ephemeral":true,"clusterName":"DEFAULT","serviceName":"DEFAULT_GROUP@@system-manager-server","metadata":{"preserved.register.source":"SPRING_CLOUD"},"instanceHeartBeatInterval":5000,"instanceHeartBeatTimeOut":15000,"ipDeleteTimeout":30000}]
2023-03-11 12:43:29.652 [Thread-69] INFO  com.netflix.loadbalancer.PollingServerListUpdater - Shutting down the Executor Pool for PollingServerListUpdater
