2023-03-10 20:18:19.715 [background-preinit] INFO  org.hibernate.validator.internal.util.Version - HV000001: Hibernate Validator 6.1.5.Final
2023-03-10 20:18:19.784 [restartedMain] INFO  o.s.b.d.env.DevToolsPropertyDefaultsPostProcessor - Devtools property defaults active! Set 'spring.devtools.add-properties' to 'false' to disable
2023-03-10 20:18:21.378 [restartedMain] INFO  c.a.n.client.config.impl.LocalConfigInfoProcessor - LOCAL_SNAPSHOT_PATH:C:\Users\hugh\nacos\config
2023-03-10 20:18:21.447 [restartedMain] INFO  com.alibaba.nacos.client.config.impl.Limiter - limitTime:5.0
2023-03-10 20:18:21.497 [restartedMain] INFO  com.alibaba.nacos.client.config.utils.JvmUtil - isMultiInstance:false
2023-03-10 20:18:21.540 [restartedMain] INFO  o.s.c.b.c.PropertySourceBootstrapConfiguration - Located property source: [BootstrapPropertySource {name='bootstrapProperties-bdmp-public-jtprod.yaml,COMMON_GROUP'}, BootstrapPropertySource {name='bootstrapProperties-bdmp-public.yaml,COMMON_GROUP'}, BootstrapPropertySource {name='bootstrapProperties-bdmp-public,COMMON_GROUP'}, BootstrapPropertySource {name='bootstrapProperties-application-skip-url.yaml,COMMON_GROUP'}, BootstrapPropertySource {name='bootstrapProperties-application-redis.yaml,COMMON_GROUP'}, BootstrapPropertySource {name='bootstrapProperties-application-mysql.yaml,COMMON_GROUP'}]
2023-03-10 20:18:21.636 [restartedMain] INFO  com.rhy.bdmp.open.BdmpPublicApplication - The following profiles are active: jtprod
2023-03-10 20:18:24.994 [restartedMain] INFO  o.s.d.r.config.RepositoryConfigurationDelegate - Multiple Spring Data modules found, entering strict repository configuration mode!
2023-03-10 20:18:24.999 [restartedMain] INFO  o.s.d.r.config.RepositoryConfigurationDelegate - Bootstrapping Spring Data Redis repositories in DEFAULT mode.
2023-03-10 20:18:25.100 [restartedMain] INFO  o.s.d.r.config.RepositoryConfigurationDelegate - Finished Spring Data repository scanning in 72ms. Found 0 Redis repository interfaces.
2023-03-10 20:18:26.189 [restartedMain] INFO  o.springframework.cloud.context.scope.GenericScope - BeanFactory id=7a1cf762-d155-3308-ba84-73f95270d297
2023-03-10 20:18:26.440 [restartedMain] INFO  o.s.c.s.PostProcessorRegistrationDelegate$BeanPostProcessorChecker - Bean 'com.rhy.bdmp.open.modules.assets.feignclient.FeignClientYDJK' of type [org.springframework.cloud.openfeign.FeignClientFactoryBean] is not eligible for getting processed by all BeanPostProcessors (for example: not eligible for auto-proxying)
2023-03-10 20:18:26.444 [restartedMain] INFO  o.s.c.s.PostProcessorRegistrationDelegate$BeanPostProcessorChecker - Bean 'com.rhy.bdmp.open.modules.user.feignclient.AuthFeignClient' of type [org.springframework.cloud.openfeign.FeignClientFactoryBean] is not eligible for getting processed by all BeanPostProcessors (for example: not eligible for auto-proxying)
2023-03-10 20:18:26.446 [restartedMain] INFO  o.s.c.s.PostProcessorRegistrationDelegate$BeanPostProcessorChecker - Bean 'com.rhy.bdmp.open.modules.auth.feignclient.AuthFeignService' of type [org.springframework.cloud.openfeign.FeignClientFactoryBean] is not eligible for getting processed by all BeanPostProcessors (for example: not eligible for auto-proxying)
2023-03-10 20:18:26.448 [restartedMain] INFO  o.s.c.s.PostProcessorRegistrationDelegate$BeanPostProcessorChecker - Bean 'com.ovit.cloud.common.feign.AuthBaseInfo' of type [org.springframework.cloud.openfeign.FeignClientFactoryBean] is not eligible for getting processed by all BeanPostProcessors (for example: not eligible for auto-proxying)
2023-03-10 20:18:26.450 [restartedMain] INFO  o.s.c.s.PostProcessorRegistrationDelegate$BeanPostProcessorChecker - Bean 'com.ovit.cloud.common.feign.BasicDataInfo' of type [org.springframework.cloud.openfeign.FeignClientFactoryBean] is not eligible for getting processed by all BeanPostProcessors (for example: not eligible for auto-proxying)
2023-03-10 20:18:26.452 [restartedMain] INFO  o.s.c.s.PostProcessorRegistrationDelegate$BeanPostProcessorChecker - Bean 'com.ovit.cloud.common.feign.CenterMessageFeign' of type [org.springframework.cloud.openfeign.FeignClientFactoryBean] is not eligible for getting processed by all BeanPostProcessors (for example: not eligible for auto-proxying)
2023-03-10 20:18:26.470 [restartedMain] INFO  o.s.c.s.PostProcessorRegistrationDelegate$BeanPostProcessorChecker - Bean 'com.ovit.cloud.common.feign.FilemanageInfo' of type [org.springframework.cloud.openfeign.FeignClientFactoryBean] is not eligible for getting processed by all BeanPostProcessors (for example: not eligible for auto-proxying)
2023-03-10 20:18:26.473 [restartedMain] INFO  o.s.c.s.PostProcessorRegistrationDelegate$BeanPostProcessorChecker - Bean 'com.ovit.cloud.common.feign.SuperviseCloudInfo' of type [org.springframework.cloud.openfeign.FeignClientFactoryBean] is not eligible for getting processed by all BeanPostProcessors (for example: not eligible for auto-proxying)
2023-03-10 20:18:26.491 [restartedMain] INFO  o.s.c.s.PostProcessorRegistrationDelegate$BeanPostProcessorChecker - Bean 'com.ovit.cloud.common.feign.UserBaseInfo' of type [org.springframework.cloud.openfeign.FeignClientFactoryBean] is not eligible for getting processed by all BeanPostProcessors (for example: not eligible for auto-proxying)
2023-03-10 20:18:26.493 [restartedMain] INFO  o.s.c.s.PostProcessorRegistrationDelegate$BeanPostProcessorChecker - Bean 'com.ovit.cloud.common.feign.WorkFlowInfo' of type [org.springframework.cloud.openfeign.FeignClientFactoryBean] is not eligible for getting processed by all BeanPostProcessors (for example: not eligible for auto-proxying)
2023-03-10 20:18:28.896 [restartedMain] INFO  o.s.c.s.PostProcessorRegistrationDelegate$BeanPostProcessorChecker - Bean 'spring.redis-org.springframework.boot.autoconfigure.data.redis.RedisProperties' of type [org.springframework.boot.autoconfigure.data.redis.RedisProperties] is not eligible for getting processed by all BeanPostProcessors (for example: not eligible for auto-proxying)
2023-03-10 20:18:28.915 [restartedMain] INFO  o.s.c.s.PostProcessorRegistrationDelegate$BeanPostProcessorChecker - Bean 'org.springframework.boot.autoconfigure.data.redis.LettuceConnectionConfiguration' of type [org.springframework.boot.autoconfigure.data.redis.LettuceConnectionConfiguration] is not eligible for getting processed by all BeanPostProcessors (for example: not eligible for auto-proxying)
2023-03-10 20:18:29.173 [restartedMain] INFO  o.s.c.s.PostProcessorRegistrationDelegate$BeanPostProcessorChecker - Bean 'lettuceClientResources' of type [io.lettuce.core.resource.DefaultClientResources] is not eligible for getting processed by all BeanPostProcessors (for example: not eligible for auto-proxying)
2023-03-10 20:18:29.341 [restartedMain] INFO  o.s.c.s.PostProcessorRegistrationDelegate$BeanPostProcessorChecker - Bean 'redisConnectionFactory' of type [org.springframework.data.redis.connection.lettuce.LettuceConnectionFactory] is not eligible for getting processed by all BeanPostProcessors (for example: not eligible for auto-proxying)
2023-03-10 20:18:29.364 [restartedMain] INFO  o.s.c.s.PostProcessorRegistrationDelegate$BeanPostProcessorChecker - Bean 'redisConfig' of type [com.ovit.cloud.redis.config.RedisConfig$$EnhancerBySpringCGLIB$$f8e59387] is not eligible for getting processed by all BeanPostProcessors (for example: not eligible for auto-proxying)
2023-03-10 20:18:29.421 [restartedMain] INFO  o.s.c.s.PostProcessorRegistrationDelegate$BeanPostProcessorChecker - Bean 'transactionInterceptorConfig' of type [com.ovit.cloud.db.localTransactional.config.TransactionInterceptorConfig$$EnhancerBySpringCGLIB$$6d386228] is not eligible for getting processed by all BeanPostProcessors (for example: not eligible for auto-proxying)
2023-03-10 20:18:29.431 [restartedMain] INFO  o.s.c.s.PostProcessorRegistrationDelegate$BeanPostProcessorChecker - Bean 'defaultPointcutAdvisor' of type [org.springframework.aop.support.DefaultPointcutAdvisor] is not eligible for getting processed by all BeanPostProcessors (for example: not eligible for auto-proxying)
2023-03-10 20:18:30.747 [restartedMain] INFO  o.s.boot.web.embedded.tomcat.TomcatWebServer - Tomcat initialized with port(s): 60055 (http)
2023-03-10 20:18:30.783 [restartedMain] INFO  org.apache.coyote.http11.Http11NioProtocol - Initializing ProtocolHandler ["http-nio-60055"]
2023-03-10 20:18:30.785 [restartedMain] INFO  org.apache.catalina.core.StandardService - Starting service [Tomcat]
2023-03-10 20:18:30.786 [restartedMain] INFO  org.apache.catalina.core.StandardEngine - Starting Servlet engine: [Apache Tomcat/9.0.38]
2023-03-10 20:18:31.369 [restartedMain] INFO  o.a.c.c.C.[Tomcat].[localhost].[/bdmpPublic] - Initializing Spring embedded WebApplicationContext
2023-03-10 20:18:31.370 [restartedMain] INFO  o.s.b.w.s.c.ServletWebServerApplicationContext - Root WebApplicationContext: initialization completed in 9677 ms
2023-03-10 20:18:32.452 [restartedMain] INFO  o.s.b.d.autoconfigure.OptionalLiveReloadServer - LiveReload server is running on port 35729
2023-03-10 20:18:36.349 [restartedMain] INFO  org.apache.catalina.core.StandardService - Stopping service [Tomcat]
2023-03-10 20:18:36.561 [restartedMain] INFO  o.s.b.a.l.ConditionEvaluationReportLoggingListener - 

Error starting ApplicationContext. To display the conditions report re-run your application with 'debug' enabled.
2023-03-10 20:18:58.156 [background-preinit] INFO  org.hibernate.validator.internal.util.Version - HV000001: Hibernate Validator 6.1.5.Final
2023-03-10 20:18:58.214 [restartedMain] INFO  o.s.b.d.env.DevToolsPropertyDefaultsPostProcessor - Devtools property defaults active! Set 'spring.devtools.add-properties' to 'false' to disable
2023-03-10 20:18:58.932 [restartedMain] INFO  c.a.n.client.config.impl.LocalConfigInfoProcessor - LOCAL_SNAPSHOT_PATH:C:\Users\hugh\nacos\config
2023-03-10 20:18:58.962 [restartedMain] INFO  com.alibaba.nacos.client.config.impl.Limiter - limitTime:5.0
2023-03-10 20:18:58.994 [restartedMain] INFO  com.alibaba.nacos.client.config.utils.JvmUtil - isMultiInstance:false
2023-03-10 20:18:59.017 [restartedMain] INFO  o.s.c.b.c.PropertySourceBootstrapConfiguration - Located property source: [BootstrapPropertySource {name='bootstrapProperties-bdmp-public-jtprod.yaml,COMMON_GROUP'}, BootstrapPropertySource {name='bootstrapProperties-bdmp-public.yaml,COMMON_GROUP'}, BootstrapPropertySource {name='bootstrapProperties-bdmp-public,COMMON_GROUP'}, BootstrapPropertySource {name='bootstrapProperties-application-skip-url.yaml,COMMON_GROUP'}, BootstrapPropertySource {name='bootstrapProperties-application-redis.yaml,COMMON_GROUP'}, BootstrapPropertySource {name='bootstrapProperties-application-mysql.yaml,COMMON_GROUP'}]
2023-03-10 20:18:59.067 [restartedMain] INFO  com.rhy.bdmp.open.BdmpPublicApplication - The following profiles are active: jtprod
2023-03-10 20:19:00.272 [restartedMain] INFO  o.s.d.r.config.RepositoryConfigurationDelegate - Multiple Spring Data modules found, entering strict repository configuration mode!
2023-03-10 20:19:00.274 [restartedMain] INFO  o.s.d.r.config.RepositoryConfigurationDelegate - Bootstrapping Spring Data Redis repositories in DEFAULT mode.
2023-03-10 20:19:00.321 [restartedMain] INFO  o.s.d.r.config.RepositoryConfigurationDelegate - Finished Spring Data repository scanning in 34ms. Found 0 Redis repository interfaces.
2023-03-10 20:19:00.657 [restartedMain] INFO  o.springframework.cloud.context.scope.GenericScope - BeanFactory id=7a1cf762-d155-3308-ba84-73f95270d297
2023-03-10 20:19:00.700 [restartedMain] INFO  o.s.c.s.PostProcessorRegistrationDelegate$BeanPostProcessorChecker - Bean 'com.rhy.bdmp.open.modules.assets.feignclient.FeignClientYDJK' of type [org.springframework.cloud.openfeign.FeignClientFactoryBean] is not eligible for getting processed by all BeanPostProcessors (for example: not eligible for auto-proxying)
2023-03-10 20:19:00.701 [restartedMain] INFO  o.s.c.s.PostProcessorRegistrationDelegate$BeanPostProcessorChecker - Bean 'com.rhy.bdmp.open.modules.user.feignclient.AuthFeignClient' of type [org.springframework.cloud.openfeign.FeignClientFactoryBean] is not eligible for getting processed by all BeanPostProcessors (for example: not eligible for auto-proxying)
2023-03-10 20:19:00.702 [restartedMain] INFO  o.s.c.s.PostProcessorRegistrationDelegate$BeanPostProcessorChecker - Bean 'com.rhy.bdmp.open.modules.auth.feignclient.AuthFeignService' of type [org.springframework.cloud.openfeign.FeignClientFactoryBean] is not eligible for getting processed by all BeanPostProcessors (for example: not eligible for auto-proxying)
2023-03-10 20:19:00.703 [restartedMain] INFO  o.s.c.s.PostProcessorRegistrationDelegate$BeanPostProcessorChecker - Bean 'com.ovit.cloud.common.feign.AuthBaseInfo' of type [org.springframework.cloud.openfeign.FeignClientFactoryBean] is not eligible for getting processed by all BeanPostProcessors (for example: not eligible for auto-proxying)
2023-03-10 20:19:00.704 [restartedMain] INFO  o.s.c.s.PostProcessorRegistrationDelegate$BeanPostProcessorChecker - Bean 'com.ovit.cloud.common.feign.BasicDataInfo' of type [org.springframework.cloud.openfeign.FeignClientFactoryBean] is not eligible for getting processed by all BeanPostProcessors (for example: not eligible for auto-proxying)
2023-03-10 20:19:00.705 [restartedMain] INFO  o.s.c.s.PostProcessorRegistrationDelegate$BeanPostProcessorChecker - Bean 'com.ovit.cloud.common.feign.CenterMessageFeign' of type [org.springframework.cloud.openfeign.FeignClientFactoryBean] is not eligible for getting processed by all BeanPostProcessors (for example: not eligible for auto-proxying)
2023-03-10 20:19:00.705 [restartedMain] INFO  o.s.c.s.PostProcessorRegistrationDelegate$BeanPostProcessorChecker - Bean 'com.ovit.cloud.common.feign.FilemanageInfo' of type [org.springframework.cloud.openfeign.FeignClientFactoryBean] is not eligible for getting processed by all BeanPostProcessors (for example: not eligible for auto-proxying)
2023-03-10 20:19:00.706 [restartedMain] INFO  o.s.c.s.PostProcessorRegistrationDelegate$BeanPostProcessorChecker - Bean 'com.ovit.cloud.common.feign.SuperviseCloudInfo' of type [org.springframework.cloud.openfeign.FeignClientFactoryBean] is not eligible for getting processed by all BeanPostProcessors (for example: not eligible for auto-proxying)
2023-03-10 20:19:00.706 [restartedMain] INFO  o.s.c.s.PostProcessorRegistrationDelegate$BeanPostProcessorChecker - Bean 'com.ovit.cloud.common.feign.UserBaseInfo' of type [org.springframework.cloud.openfeign.FeignClientFactoryBean] is not eligible for getting processed by all BeanPostProcessors (for example: not eligible for auto-proxying)
2023-03-10 20:19:00.707 [restartedMain] INFO  o.s.c.s.PostProcessorRegistrationDelegate$BeanPostProcessorChecker - Bean 'com.ovit.cloud.common.feign.WorkFlowInfo' of type [org.springframework.cloud.openfeign.FeignClientFactoryBean] is not eligible for getting processed by all BeanPostProcessors (for example: not eligible for auto-proxying)
2023-03-10 20:19:00.972 [restartedMain] INFO  o.s.c.s.PostProcessorRegistrationDelegate$BeanPostProcessorChecker - Bean 'spring.redis-org.springframework.boot.autoconfigure.data.redis.RedisProperties' of type [org.springframework.boot.autoconfigure.data.redis.RedisProperties] is not eligible for getting processed by all BeanPostProcessors (for example: not eligible for auto-proxying)
2023-03-10 20:19:00.979 [restartedMain] INFO  o.s.c.s.PostProcessorRegistrationDelegate$BeanPostProcessorChecker - Bean 'org.springframework.boot.autoconfigure.data.redis.LettuceConnectionConfiguration' of type [org.springframework.boot.autoconfigure.data.redis.LettuceConnectionConfiguration] is not eligible for getting processed by all BeanPostProcessors (for example: not eligible for auto-proxying)
2023-03-10 20:19:01.082 [restartedMain] INFO  o.s.c.s.PostProcessorRegistrationDelegate$BeanPostProcessorChecker - Bean 'lettuceClientResources' of type [io.lettuce.core.resource.DefaultClientResources] is not eligible for getting processed by all BeanPostProcessors (for example: not eligible for auto-proxying)
2023-03-10 20:19:01.168 [restartedMain] INFO  o.s.c.s.PostProcessorRegistrationDelegate$BeanPostProcessorChecker - Bean 'redisConnectionFactory' of type [org.springframework.data.redis.connection.lettuce.LettuceConnectionFactory] is not eligible for getting processed by all BeanPostProcessors (for example: not eligible for auto-proxying)
2023-03-10 20:19:01.183 [restartedMain] INFO  o.s.c.s.PostProcessorRegistrationDelegate$BeanPostProcessorChecker - Bean 'redisConfig' of type [com.ovit.cloud.redis.config.RedisConfig$$EnhancerBySpringCGLIB$$7d508752] is not eligible for getting processed by all BeanPostProcessors (for example: not eligible for auto-proxying)
2023-03-10 20:19:01.225 [restartedMain] INFO  o.s.c.s.PostProcessorRegistrationDelegate$BeanPostProcessorChecker - Bean 'transactionInterceptorConfig' of type [com.ovit.cloud.db.localTransactional.config.TransactionInterceptorConfig$$EnhancerBySpringCGLIB$$f1a355f3] is not eligible for getting processed by all BeanPostProcessors (for example: not eligible for auto-proxying)
2023-03-10 20:19:01.231 [restartedMain] INFO  o.s.c.s.PostProcessorRegistrationDelegate$BeanPostProcessorChecker - Bean 'defaultPointcutAdvisor' of type [org.springframework.aop.support.DefaultPointcutAdvisor] is not eligible for getting processed by all BeanPostProcessors (for example: not eligible for auto-proxying)
2023-03-10 20:19:01.695 [restartedMain] INFO  o.s.boot.web.embedded.tomcat.TomcatWebServer - Tomcat initialized with port(s): 60055 (http)
2023-03-10 20:19:01.703 [restartedMain] INFO  org.apache.coyote.http11.Http11NioProtocol - Initializing ProtocolHandler ["http-nio-60055"]
2023-03-10 20:19:01.703 [restartedMain] INFO  org.apache.catalina.core.StandardService - Starting service [Tomcat]
2023-03-10 20:19:01.704 [restartedMain] INFO  org.apache.catalina.core.StandardEngine - Starting Servlet engine: [Apache Tomcat/9.0.38]
2023-03-10 20:19:01.821 [restartedMain] INFO  o.a.c.c.C.[Tomcat].[localhost].[/bdmpPublic] - Initializing Spring embedded WebApplicationContext
2023-03-10 20:19:01.821 [restartedMain] INFO  o.s.b.w.s.c.ServletWebServerApplicationContext - Root WebApplicationContext: initialization completed in 2730 ms
2023-03-10 20:19:02.187 [restartedMain] INFO  o.s.b.d.autoconfigure.OptionalLiveReloadServer - LiveReload server is running on port 35729
2023-03-10 20:19:03.333 [restartedMain] INFO  org.apache.catalina.core.StandardService - Stopping service [Tomcat]
2023-03-10 20:19:03.362 [restartedMain] INFO  o.s.b.a.l.ConditionEvaluationReportLoggingListener - 

Error starting ApplicationContext. To display the conditions report re-run your application with 'debug' enabled.
2023-03-10 20:27:59.770 [background-preinit] INFO  org.hibernate.validator.internal.util.Version - HV000001: Hibernate Validator 6.1.5.Final
2023-03-10 20:27:59.820 [restartedMain] INFO  o.s.b.d.env.DevToolsPropertyDefaultsPostProcessor - Devtools property defaults active! Set 'spring.devtools.add-properties' to 'false' to disable
2023-03-10 20:28:00.544 [restartedMain] INFO  c.a.n.client.config.impl.LocalConfigInfoProcessor - LOCAL_SNAPSHOT_PATH:C:\Users\hugh\nacos\config
2023-03-10 20:28:00.573 [restartedMain] INFO  com.alibaba.nacos.client.config.impl.Limiter - limitTime:5.0
2023-03-10 20:28:00.599 [restartedMain] INFO  com.alibaba.nacos.client.config.utils.JvmUtil - isMultiInstance:false
2023-03-10 20:28:00.622 [restartedMain] INFO  o.s.c.b.c.PropertySourceBootstrapConfiguration - Located property source: [BootstrapPropertySource {name='bootstrapProperties-bdmp-public-jtprod.yaml,COMMON_GROUP'}, BootstrapPropertySource {name='bootstrapProperties-bdmp-public.yaml,COMMON_GROUP'}, BootstrapPropertySource {name='bootstrapProperties-bdmp-public,COMMON_GROUP'}, BootstrapPropertySource {name='bootstrapProperties-application-skip-url.yaml,COMMON_GROUP'}, BootstrapPropertySource {name='bootstrapProperties-application-redis.yaml,COMMON_GROUP'}, BootstrapPropertySource {name='bootstrapProperties-application-mysql.yaml,COMMON_GROUP'}]
2023-03-10 20:28:00.677 [restartedMain] INFO  com.rhy.bdmp.open.BdmpPublicApplication - The following profiles are active: jtprod
2023-03-10 20:28:02.883 [restartedMain] INFO  o.s.d.r.config.RepositoryConfigurationDelegate - Multiple Spring Data modules found, entering strict repository configuration mode!
2023-03-10 20:28:02.886 [restartedMain] INFO  o.s.d.r.config.RepositoryConfigurationDelegate - Bootstrapping Spring Data Redis repositories in DEFAULT mode.
2023-03-10 20:28:02.931 [restartedMain] INFO  o.s.d.r.config.RepositoryConfigurationDelegate - Finished Spring Data repository scanning in 34ms. Found 0 Redis repository interfaces.
2023-03-10 20:28:03.318 [restartedMain] INFO  o.springframework.cloud.context.scope.GenericScope - BeanFactory id=8ebacf26-3c08-3b85-aaff-869d8ed5e0d1
2023-03-10 20:28:03.336 [restartedMain] INFO  o.s.c.s.PostProcessorRegistrationDelegate$BeanPostProcessorChecker - Bean 'com.rhy.bdmp.open.modules.assets.feignclient.FeignClientYDJK' of type [org.springframework.cloud.openfeign.FeignClientFactoryBean] is not eligible for getting processed by all BeanPostProcessors (for example: not eligible for auto-proxying)
2023-03-10 20:28:03.338 [restartedMain] INFO  o.s.c.s.PostProcessorRegistrationDelegate$BeanPostProcessorChecker - Bean 'com.rhy.bdmp.open.modules.user.feignclient.AuthFeignClient' of type [org.springframework.cloud.openfeign.FeignClientFactoryBean] is not eligible for getting processed by all BeanPostProcessors (for example: not eligible for auto-proxying)
2023-03-10 20:28:03.339 [restartedMain] INFO  o.s.c.s.PostProcessorRegistrationDelegate$BeanPostProcessorChecker - Bean 'com.rhy.bdmp.open.modules.auth.feignclient.AuthFeignService' of type [org.springframework.cloud.openfeign.FeignClientFactoryBean] is not eligible for getting processed by all BeanPostProcessors (for example: not eligible for auto-proxying)
2023-03-10 20:28:03.339 [restartedMain] INFO  o.s.c.s.PostProcessorRegistrationDelegate$BeanPostProcessorChecker - Bean 'com.ovit.cloud.common.feign.AuthBaseInfo' of type [org.springframework.cloud.openfeign.FeignClientFactoryBean] is not eligible for getting processed by all BeanPostProcessors (for example: not eligible for auto-proxying)
2023-03-10 20:28:03.340 [restartedMain] INFO  o.s.c.s.PostProcessorRegistrationDelegate$BeanPostProcessorChecker - Bean 'com.ovit.cloud.common.feign.BasicDataInfo' of type [org.springframework.cloud.openfeign.FeignClientFactoryBean] is not eligible for getting processed by all BeanPostProcessors (for example: not eligible for auto-proxying)
2023-03-10 20:28:03.341 [restartedMain] INFO  o.s.c.s.PostProcessorRegistrationDelegate$BeanPostProcessorChecker - Bean 'com.ovit.cloud.common.feign.CenterMessageFeign' of type [org.springframework.cloud.openfeign.FeignClientFactoryBean] is not eligible for getting processed by all BeanPostProcessors (for example: not eligible for auto-proxying)
2023-03-10 20:28:03.342 [restartedMain] INFO  o.s.c.s.PostProcessorRegistrationDelegate$BeanPostProcessorChecker - Bean 'com.ovit.cloud.common.feign.FilemanageInfo' of type [org.springframework.cloud.openfeign.FeignClientFactoryBean] is not eligible for getting processed by all BeanPostProcessors (for example: not eligible for auto-proxying)
2023-03-10 20:28:03.342 [restartedMain] INFO  o.s.c.s.PostProcessorRegistrationDelegate$BeanPostProcessorChecker - Bean 'com.ovit.cloud.common.feign.SuperviseCloudInfo' of type [org.springframework.cloud.openfeign.FeignClientFactoryBean] is not eligible for getting processed by all BeanPostProcessors (for example: not eligible for auto-proxying)
2023-03-10 20:28:03.343 [restartedMain] INFO  o.s.c.s.PostProcessorRegistrationDelegate$BeanPostProcessorChecker - Bean 'com.ovit.cloud.common.feign.UserBaseInfo' of type [org.springframework.cloud.openfeign.FeignClientFactoryBean] is not eligible for getting processed by all BeanPostProcessors (for example: not eligible for auto-proxying)
2023-03-10 20:28:03.344 [restartedMain] INFO  o.s.c.s.PostProcessorRegistrationDelegate$BeanPostProcessorChecker - Bean 'com.ovit.cloud.common.feign.WorkFlowInfo' of type [org.springframework.cloud.openfeign.FeignClientFactoryBean] is not eligible for getting processed by all BeanPostProcessors (for example: not eligible for auto-proxying)
2023-03-10 20:28:03.634 [restartedMain] INFO  o.s.c.s.PostProcessorRegistrationDelegate$BeanPostProcessorChecker - Bean 'spring.redis-org.springframework.boot.autoconfigure.data.redis.RedisProperties' of type [org.springframework.boot.autoconfigure.data.redis.RedisProperties] is not eligible for getting processed by all BeanPostProcessors (for example: not eligible for auto-proxying)
2023-03-10 20:28:03.643 [restartedMain] INFO  o.s.c.s.PostProcessorRegistrationDelegate$BeanPostProcessorChecker - Bean 'org.springframework.boot.autoconfigure.data.redis.LettuceConnectionConfiguration' of type [org.springframework.boot.autoconfigure.data.redis.LettuceConnectionConfiguration] is not eligible for getting processed by all BeanPostProcessors (for example: not eligible for auto-proxying)
2023-03-10 20:28:03.789 [restartedMain] INFO  o.s.c.s.PostProcessorRegistrationDelegate$BeanPostProcessorChecker - Bean 'lettuceClientResources' of type [io.lettuce.core.resource.DefaultClientResources] is not eligible for getting processed by all BeanPostProcessors (for example: not eligible for auto-proxying)
2023-03-10 20:28:03.907 [restartedMain] INFO  o.s.c.s.PostProcessorRegistrationDelegate$BeanPostProcessorChecker - Bean 'redisConnectionFactory' of type [org.springframework.data.redis.connection.lettuce.LettuceConnectionFactory] is not eligible for getting processed by all BeanPostProcessors (for example: not eligible for auto-proxying)
2023-03-10 20:28:03.922 [restartedMain] INFO  o.s.c.s.PostProcessorRegistrationDelegate$BeanPostProcessorChecker - Bean 'com.jtkj.cloud.redis.config.RedisConfig' of type [com.jtkj.cloud.redis.config.RedisConfig$$EnhancerBySpringCGLIB$$6ee5f3f2] is not eligible for getting processed by all BeanPostProcessors (for example: not eligible for auto-proxying)
2023-03-10 20:28:04.469 [restartedMain] INFO  o.s.boot.web.embedded.tomcat.TomcatWebServer - Tomcat initialized with port(s): 60055 (http)
2023-03-10 20:28:04.478 [restartedMain] INFO  org.apache.coyote.http11.Http11NioProtocol - Initializing ProtocolHandler ["http-nio-60055"]
2023-03-10 20:28:04.478 [restartedMain] INFO  org.apache.catalina.core.StandardService - Starting service [Tomcat]
2023-03-10 20:28:04.479 [restartedMain] INFO  org.apache.catalina.core.StandardEngine - Starting Servlet engine: [Apache Tomcat/9.0.38]
2023-03-10 20:28:04.616 [restartedMain] INFO  o.a.c.c.C.[Tomcat].[localhost].[/bdmpPublic] - Initializing Spring embedded WebApplicationContext
2023-03-10 20:28:04.617 [restartedMain] INFO  o.s.b.w.s.c.ServletWebServerApplicationContext - Root WebApplicationContext: initialization completed in 3912 ms
2023-03-10 20:28:04.934 [restartedMain] INFO  o.s.b.d.autoconfigure.OptionalLiveReloadServer - LiveReload server is running on port 35729
2023-03-10 20:28:05.186 [restartedMain] INFO  org.apache.catalina.core.StandardService - Stopping service [Tomcat]
2023-03-10 20:28:05.217 [restartedMain] INFO  o.s.b.a.l.ConditionEvaluationReportLoggingListener - 

Error starting ApplicationContext. To display the conditions report re-run your application with 'debug' enabled.
2023-03-10 20:29:31.770 [background-preinit] INFO  org.hibernate.validator.internal.util.Version - HV000001: Hibernate Validator 6.1.5.Final
2023-03-10 20:29:31.834 [restartedMain] INFO  o.s.b.d.env.DevToolsPropertyDefaultsPostProcessor - Devtools property defaults active! Set 'spring.devtools.add-properties' to 'false' to disable
2023-03-10 20:29:32.677 [restartedMain] INFO  c.a.n.client.config.impl.LocalConfigInfoProcessor - LOCAL_SNAPSHOT_PATH:C:\Users\hugh\nacos\config
2023-03-10 20:29:32.710 [restartedMain] INFO  com.alibaba.nacos.client.config.impl.Limiter - limitTime:5.0
2023-03-10 20:29:32.737 [restartedMain] INFO  com.alibaba.nacos.client.config.utils.JvmUtil - isMultiInstance:false
2023-03-10 20:29:32.761 [restartedMain] INFO  o.s.c.b.c.PropertySourceBootstrapConfiguration - Located property source: [BootstrapPropertySource {name='bootstrapProperties-bdmp-public-jtprod.yaml,COMMON_GROUP'}, BootstrapPropertySource {name='bootstrapProperties-bdmp-public.yaml,COMMON_GROUP'}, BootstrapPropertySource {name='bootstrapProperties-bdmp-public,COMMON_GROUP'}, BootstrapPropertySource {name='bootstrapProperties-application-skip-url.yaml,COMMON_GROUP'}, BootstrapPropertySource {name='bootstrapProperties-application-redis.yaml,COMMON_GROUP'}, BootstrapPropertySource {name='bootstrapProperties-application-mysql.yaml,COMMON_GROUP'}]
2023-03-10 20:29:32.818 [restartedMain] INFO  com.rhy.bdmp.open.BdmpPublicApplication - The following profiles are active: jtprod
2023-03-10 20:29:33.978 [restartedMain] INFO  o.s.d.r.config.RepositoryConfigurationDelegate - Multiple Spring Data modules found, entering strict repository configuration mode!
2023-03-10 20:29:33.980 [restartedMain] INFO  o.s.d.r.config.RepositoryConfigurationDelegate - Bootstrapping Spring Data Redis repositories in DEFAULT mode.
2023-03-10 20:29:34.029 [restartedMain] INFO  o.s.d.r.config.RepositoryConfigurationDelegate - Finished Spring Data repository scanning in 37ms. Found 0 Redis repository interfaces.
2023-03-10 20:29:34.474 [restartedMain] INFO  o.springframework.cloud.context.scope.GenericScope - BeanFactory id=6efb6d0a-5dba-3b53-a806-35a59d6906cf
2023-03-10 20:29:34.537 [restartedMain] INFO  o.s.c.s.PostProcessorRegistrationDelegate$BeanPostProcessorChecker - Bean 'com.rhy.bdmp.open.modules.assets.feignclient.FeignClientYDJK' of type [org.springframework.cloud.openfeign.FeignClientFactoryBean] is not eligible for getting processed by all BeanPostProcessors (for example: not eligible for auto-proxying)
2023-03-10 20:29:34.538 [restartedMain] INFO  o.s.c.s.PostProcessorRegistrationDelegate$BeanPostProcessorChecker - Bean 'com.jtkj.cloud.common.feign.AuthBaseInfo' of type [org.springframework.cloud.openfeign.FeignClientFactoryBean] is not eligible for getting processed by all BeanPostProcessors (for example: not eligible for auto-proxying)
2023-03-10 20:29:34.540 [restartedMain] INFO  o.s.c.s.PostProcessorRegistrationDelegate$BeanPostProcessorChecker - Bean 'com.jtkj.cloud.common.feign.BasicDataInfo' of type [org.springframework.cloud.openfeign.FeignClientFactoryBean] is not eligible for getting processed by all BeanPostProcessors (for example: not eligible for auto-proxying)
2023-03-10 20:29:34.541 [restartedMain] INFO  o.s.c.s.PostProcessorRegistrationDelegate$BeanPostProcessorChecker - Bean 'com.jtkj.cloud.common.feign.CenterMessageFeign' of type [org.springframework.cloud.openfeign.FeignClientFactoryBean] is not eligible for getting processed by all BeanPostProcessors (for example: not eligible for auto-proxying)
2023-03-10 20:29:34.542 [restartedMain] INFO  o.s.c.s.PostProcessorRegistrationDelegate$BeanPostProcessorChecker - Bean 'com.jtkj.cloud.common.feign.FilemanageInfo' of type [org.springframework.cloud.openfeign.FeignClientFactoryBean] is not eligible for getting processed by all BeanPostProcessors (for example: not eligible for auto-proxying)
2023-03-10 20:29:34.543 [restartedMain] INFO  o.s.c.s.PostProcessorRegistrationDelegate$BeanPostProcessorChecker - Bean 'com.jtkj.cloud.common.feign.UserBaseInfo' of type [org.springframework.cloud.openfeign.FeignClientFactoryBean] is not eligible for getting processed by all BeanPostProcessors (for example: not eligible for auto-proxying)
2023-03-10 20:29:34.544 [restartedMain] INFO  o.s.c.s.PostProcessorRegistrationDelegate$BeanPostProcessorChecker - Bean 'com.jtkj.cloud.common.feign.WorkFlowInfo' of type [org.springframework.cloud.openfeign.FeignClientFactoryBean] is not eligible for getting processed by all BeanPostProcessors (for example: not eligible for auto-proxying)
2023-03-10 20:29:34.546 [restartedMain] INFO  o.s.c.s.PostProcessorRegistrationDelegate$BeanPostProcessorChecker - Bean 'com.rhy.bdmp.open.modules.user.feignclient.AuthFeignClient' of type [org.springframework.cloud.openfeign.FeignClientFactoryBean] is not eligible for getting processed by all BeanPostProcessors (for example: not eligible for auto-proxying)
2023-03-10 20:29:34.547 [restartedMain] INFO  o.s.c.s.PostProcessorRegistrationDelegate$BeanPostProcessorChecker - Bean 'com.rhy.bdmp.open.modules.auth.feignclient.AuthFeignService' of type [org.springframework.cloud.openfeign.FeignClientFactoryBean] is not eligible for getting processed by all BeanPostProcessors (for example: not eligible for auto-proxying)
2023-03-10 20:29:34.891 [restartedMain] INFO  o.s.c.s.PostProcessorRegistrationDelegate$BeanPostProcessorChecker - Bean 'spring.redis-org.springframework.boot.autoconfigure.data.redis.RedisProperties' of type [org.springframework.boot.autoconfigure.data.redis.RedisProperties] is not eligible for getting processed by all BeanPostProcessors (for example: not eligible for auto-proxying)
2023-03-10 20:29:34.900 [restartedMain] INFO  o.s.c.s.PostProcessorRegistrationDelegate$BeanPostProcessorChecker - Bean 'org.springframework.boot.autoconfigure.data.redis.LettuceConnectionConfiguration' of type [org.springframework.boot.autoconfigure.data.redis.LettuceConnectionConfiguration] is not eligible for getting processed by all BeanPostProcessors (for example: not eligible for auto-proxying)
2023-03-10 20:29:35.019 [restartedMain] INFO  o.s.c.s.PostProcessorRegistrationDelegate$BeanPostProcessorChecker - Bean 'lettuceClientResources' of type [io.lettuce.core.resource.DefaultClientResources] is not eligible for getting processed by all BeanPostProcessors (for example: not eligible for auto-proxying)
2023-03-10 20:29:35.115 [restartedMain] INFO  o.s.c.s.PostProcessorRegistrationDelegate$BeanPostProcessorChecker - Bean 'redisConnectionFactory' of type [org.springframework.data.redis.connection.lettuce.LettuceConnectionFactory] is not eligible for getting processed by all BeanPostProcessors (for example: not eligible for auto-proxying)
2023-03-10 20:29:35.133 [restartedMain] INFO  o.s.c.s.PostProcessorRegistrationDelegate$BeanPostProcessorChecker - Bean 'redisConfig' of type [com.jtkj.cloud.redis.config.RedisConfig$$EnhancerBySpringCGLIB$$f89aee89] is not eligible for getting processed by all BeanPostProcessors (for example: not eligible for auto-proxying)
2023-03-10 20:29:35.168 [restartedMain] INFO  o.s.c.s.PostProcessorRegistrationDelegate$BeanPostProcessorChecker - Bean 'transactionInterceptorConfig' of type [com.jtkj.cloud.db.localTransactional.config.TransactionInterceptorConfig$$EnhancerBySpringCGLIB$$f31f0178] is not eligible for getting processed by all BeanPostProcessors (for example: not eligible for auto-proxying)
2023-03-10 20:29:35.175 [restartedMain] INFO  o.s.c.s.PostProcessorRegistrationDelegate$BeanPostProcessorChecker - Bean 'defaultPointcutAdvisor' of type [org.springframework.aop.support.DefaultPointcutAdvisor] is not eligible for getting processed by all BeanPostProcessors (for example: not eligible for auto-proxying)
2023-03-10 20:29:35.711 [restartedMain] INFO  o.s.boot.web.embedded.tomcat.TomcatWebServer - Tomcat initialized with port(s): 60055 (http)
2023-03-10 20:29:35.719 [restartedMain] INFO  org.apache.coyote.http11.Http11NioProtocol - Initializing ProtocolHandler ["http-nio-60055"]
2023-03-10 20:29:35.719 [restartedMain] INFO  org.apache.catalina.core.StandardService - Starting service [Tomcat]
2023-03-10 20:29:35.719 [restartedMain] INFO  org.apache.catalina.core.StandardEngine - Starting Servlet engine: [Apache Tomcat/9.0.38]
2023-03-10 20:29:35.845 [restartedMain] INFO  o.a.c.c.C.[Tomcat].[localhost].[/bdmpPublic] - Initializing Spring embedded WebApplicationContext
2023-03-10 20:29:35.845 [restartedMain] INFO  o.s.b.w.s.c.ServletWebServerApplicationContext - Root WebApplicationContext: initialization completed in 3003 ms
2023-03-10 20:29:36.846 [restartedMain] INFO  c.jtkj.cloud.db.datasources.core.DynamicDataSource - 添加新数据源 [master] 成功
2023-03-10 20:29:39.203 [restartedMain] INFO  com.alibaba.druid.pool.DruidDataSource - {dataSource-1} inited
2023-03-10 20:29:40.421 [restartedMain] INFO  o.s.b.d.autoconfigure.OptionalLiveReloadServer - LiveReload server is running on port 35729
2023-03-10 20:29:41.780 [restartedMain] INFO  s.d.s.w.PropertySourcedRequestMappingHandlerMapping - Mapped URL path [/v2/api-docs] onto method [springfox.documentation.swagger2.web.Swagger2Controller#getDocumentation(String, HttpServletRequest)]
2023-03-10 20:29:41.886 [restartedMain] INFO  com.netflix.config.sources.URLConfigurationSource - To enable URLs as dynamic configuration sources, define System property archaius.configurationSource.additionalUrls or make config.properties available on classpath.
2023-03-10 20:29:41.892 [restartedMain] INFO  com.netflix.config.sources.URLConfigurationSource - To enable URLs as dynamic configuration sources, define System property archaius.configurationSource.additionalUrls or make config.properties available on classpath.
2023-03-10 20:29:42.033 [restartedMain] INFO  o.s.scheduling.concurrent.ThreadPoolTaskExecutor - Initializing ExecutorService 'applicationTaskExecutor'
2023-03-10 20:29:42.081 [restartedMain] INFO  o.s.b.a.web.servlet.WelcomePageHandlerMapping - Adding welcome page: class path resource [static/index.html]
2023-03-10 20:29:42.559 [restartedMain] INFO  com.alibaba.nacos.client.naming - initializer namespace from System Property :null
2023-03-10 20:29:42.560 [restartedMain] INFO  com.alibaba.nacos.client.naming - initializer namespace from System Environment :null
2023-03-10 20:29:42.561 [restartedMain] INFO  com.alibaba.nacos.client.naming - initializer namespace from System Property :null
2023-03-10 20:29:43.750 [restartedMain] INFO  com.alibaba.nacos.client.naming - [LISTENER] adding DEFAULT_GROUP@@bdmp-public with DEFAULT to listener map
2023-03-10 20:29:43.751 [restartedMain] INFO  org.apache.coyote.http11.Http11NioProtocol - Starting ProtocolHandler ["http-nio-60055"]
2023-03-10 20:29:43.773 [restartedMain] INFO  o.s.boot.web.embedded.tomcat.TomcatWebServer - Tomcat started on port(s): 60055 (http) with context path '/bdmpPublic'
2023-03-10 20:29:43.778 [restartedMain] INFO  com.alibaba.nacos.client.naming - [BEAT] adding beat: BeatInfo{port=60055, ip='172.16.10.93', weight=1.0, serviceName='DEFAULT_GROUP@@bdmp-public', cluster='DEFAULT', metadata={preserved.register.source=SPRING_CLOUD}, scheduled=false, period=5000, stopped=false} to beat map.
2023-03-10 20:29:43.779 [restartedMain] INFO  com.alibaba.nacos.client.naming - [REGISTER-SERVICE] 7a1d058e-62e6-4c03-ba3c-36138e04fccb registering service DEFAULT_GROUP@@bdmp-public with instance: Instance{instanceId='null', ip='172.16.10.93', port=60055, weight=1.0, healthy=true, enabled=true, ephemeral=true, clusterName='DEFAULT', serviceName='null', metadata={preserved.register.source=SPRING_CLOUD}}
2023-03-10 20:29:43.788 [restartedMain] INFO  c.a.cloud.nacos.registry.NacosServiceRegistry - nacos registry, DEFAULT_GROUP bdmp-public 172.16.10.93:60055 register finished
2023-03-10 20:29:44.076 [restartedMain] INFO  s.d.s.web.plugins.DocumentationPluginsBootstrapper - Context refreshed
2023-03-10 20:29:44.090 [restartedMain] INFO  s.d.s.web.plugins.DocumentationPluginsBootstrapper - Found 12 custom documentation plugin(s)
2023-03-10 20:29:44.127 [restartedMain] INFO  s.d.spring.web.scanners.ApiListingReferenceScanner - Scanning for api listing references
2023-03-10 20:29:44.239 [restartedMain] INFO  s.d.spring.web.scanners.ApiListingReferenceScanner - Scanning for api listing references
2023-03-10 20:29:44.268 [restartedMain] INFO  s.d.spring.web.scanners.ApiListingReferenceScanner - Scanning for api listing references
2023-03-10 20:29:44.301 [restartedMain] INFO  s.d.spring.web.scanners.ApiListingReferenceScanner - Scanning for api listing references
2023-03-10 20:29:44.317 [restartedMain] INFO  s.d.spring.web.scanners.ApiListingReferenceScanner - Scanning for api listing references
2023-03-10 20:29:44.479 [restartedMain] INFO  s.d.spring.web.scanners.ApiListingReferenceScanner - Scanning for api listing references
2023-03-10 20:29:44.645 [restartedMain] INFO  s.d.spring.web.scanners.ApiListingReferenceScanner - Scanning for api listing references
2023-03-10 20:29:44.656 [restartedMain] INFO  s.d.spring.web.scanners.ApiListingReferenceScanner - Scanning for api listing references
2023-03-10 20:29:44.679 [restartedMain] INFO  s.d.spring.web.scanners.ApiListingReferenceScanner - Scanning for api listing references
2023-03-10 20:29:44.686 [restartedMain] INFO  s.d.s.w.r.operation.CachingOperationNameGenerator - Generating unique operation named: getOrgListUsingPOST_1
2023-03-10 20:29:44.696 [restartedMain] INFO  s.d.spring.web.scanners.ApiListingReferenceScanner - Scanning for api listing references
2023-03-10 20:29:44.726 [restartedMain] INFO  s.d.s.w.r.operation.CachingOperationNameGenerator - Generating unique operation named: getDeviceDetailUsingPOST_1
2023-03-10 20:29:44.746 [restartedMain] INFO  s.d.spring.web.scanners.ApiListingReferenceScanner - Scanning for api listing references
2023-03-10 20:29:44.752 [restartedMain] INFO  s.d.s.w.r.operation.CachingOperationNameGenerator - Generating unique operation named: getFacListUsingPOST_1
2023-03-10 20:29:44.760 [restartedMain] INFO  s.d.spring.web.scanners.ApiListingReferenceScanner - Scanning for api listing references
2023-03-10 20:29:44.773 [com.alibaba.nacos.client.naming.updater] INFO  com.alibaba.nacos.client.naming - new ips(1) service: DEFAULT_GROUP@@bdmp-public@@DEFAULT -> [{"instanceId":"172.16.10.93#60055#DEFAULT#DEFAULT_GROUP@@bdmp-public","ip":"172.16.10.93","port":60055,"weight":1.0,"healthy":true,"enabled":true,"ephemeral":true,"clusterName":"DEFAULT","serviceName":"DEFAULT_GROUP@@bdmp-public","metadata":{"preserved.register.source":"SPRING_CLOUD"},"instanceHeartBeatTimeOut":15000,"instanceHeartBeatInterval":5000,"ipDeleteTimeout":30000}]
2023-03-10 20:29:44.785 [restartedMain] INFO  com.rhy.bdmp.open.BdmpPublicApplication - Started BdmpPublicApplication in 14.067 seconds (JVM running for 15.634)
2023-03-10 20:29:44.792 [restartedMain] INFO  com.alibaba.nacos.client.config.impl.ClientWorker - [fixed-127.0.0.1_8848-7a1d058e-62e6-4c03-ba3c-36138e04fccb] [subscribe] bdmp-public-jtprod.yaml+COMMON_GROUP+7a1d058e-62e6-4c03-ba3c-36138e04fccb
2023-03-10 20:29:44.793 [restartedMain] INFO  com.alibaba.nacos.client.config.impl.CacheData - [fixed-127.0.0.1_8848-7a1d058e-62e6-4c03-ba3c-36138e04fccb] [add-listener] ok, tenant=7a1d058e-62e6-4c03-ba3c-36138e04fccb, dataId=bdmp-public-jtprod.yaml, group=COMMON_GROUP, cnt=1
2023-03-10 20:29:44.794 [restartedMain] INFO  com.alibaba.nacos.client.config.impl.ClientWorker - [fixed-127.0.0.1_8848-7a1d058e-62e6-4c03-ba3c-36138e04fccb] [subscribe] bdmp-public+COMMON_GROUP+7a1d058e-62e6-4c03-ba3c-36138e04fccb
2023-03-10 20:29:44.794 [restartedMain] INFO  com.alibaba.nacos.client.config.impl.CacheData - [fixed-127.0.0.1_8848-7a1d058e-62e6-4c03-ba3c-36138e04fccb] [add-listener] ok, tenant=7a1d058e-62e6-4c03-ba3c-36138e04fccb, dataId=bdmp-public, group=COMMON_GROUP, cnt=1
2023-03-10 20:29:44.795 [com.alibaba.nacos.client.naming.updater] INFO  com.alibaba.nacos.client.naming - current ips:(1) service: DEFAULT_GROUP@@bdmp-public@@DEFAULT -> [{"instanceId":"172.16.10.93#60055#DEFAULT#DEFAULT_GROUP@@bdmp-public","ip":"172.16.10.93","port":60055,"weight":1.0,"healthy":true,"enabled":true,"ephemeral":true,"clusterName":"DEFAULT","serviceName":"DEFAULT_GROUP@@bdmp-public","metadata":{"preserved.register.source":"SPRING_CLOUD"},"instanceHeartBeatTimeOut":15000,"instanceHeartBeatInterval":5000,"ipDeleteTimeout":30000}]
2023-03-10 20:29:44.802 [com.alibaba.nacos.naming.push.receiver] INFO  com.alibaba.nacos.client.naming - received push data: {"type":"dom","data":"{\"hosts\":[{\"ip\":\"172.16.10.93\",\"port\":60055,\"valid\":true,\"healthy\":true,\"marked\":false,\"instanceId\":\"172.16.10.93#60055#DEFAULT#DEFAULT_GROUP@@bdmp-public\",\"metadata\":{\"preserved.register.source\":\"SPRING_CLOUD\"},\"enabled\":true,\"weight\":1.0,\"clusterName\":\"DEFAULT\",\"serviceName\":\"DEFAULT_GROUP@@bdmp-public\",\"ephemeral\":true}],\"dom\":\"DEFAULT_GROUP@@bdmp-public\",\"name\":\"DEFAULT_GROUP@@bdmp-public\",\"cacheMillis\":10000,\"lastRefTime\":1678451384801,\"checksum\":\"436a0912b3e1ebaea75d6bd4851297a9\",\"useSpecifiedURL\":false,\"clusters\":\"DEFAULT\",\"env\":\"\",\"metadata\":{}}","lastRefTime":444346584185900} from /172.16.10.93
2023-03-10 20:29:44.803 [restartedMain] INFO  com.alibaba.nacos.client.config.impl.ClientWorker - [fixed-127.0.0.1_8848-7a1d058e-62e6-4c03-ba3c-36138e04fccb] [subscribe] application-mysql.yaml+COMMON_GROUP+7a1d058e-62e6-4c03-ba3c-36138e04fccb
2023-03-10 20:29:44.804 [restartedMain] INFO  com.alibaba.nacos.client.config.impl.CacheData - [fixed-127.0.0.1_8848-7a1d058e-62e6-4c03-ba3c-36138e04fccb] [add-listener] ok, tenant=7a1d058e-62e6-4c03-ba3c-36138e04fccb, dataId=application-mysql.yaml, group=COMMON_GROUP, cnt=1
2023-03-10 20:29:44.813 [restartedMain] INFO  com.alibaba.nacos.client.config.impl.ClientWorker - [fixed-127.0.0.1_8848-7a1d058e-62e6-4c03-ba3c-36138e04fccb] [subscribe] application-redis.yaml+COMMON_GROUP+7a1d058e-62e6-4c03-ba3c-36138e04fccb
2023-03-10 20:29:44.813 [restartedMain] INFO  com.alibaba.nacos.client.config.impl.CacheData - [fixed-127.0.0.1_8848-7a1d058e-62e6-4c03-ba3c-36138e04fccb] [add-listener] ok, tenant=7a1d058e-62e6-4c03-ba3c-36138e04fccb, dataId=application-redis.yaml, group=COMMON_GROUP, cnt=1
2023-03-10 20:29:44.820 [restartedMain] INFO  com.alibaba.nacos.client.config.impl.ClientWorker - [fixed-127.0.0.1_8848-7a1d058e-62e6-4c03-ba3c-36138e04fccb] [subscribe] application-skip-url.yaml+COMMON_GROUP+7a1d058e-62e6-4c03-ba3c-36138e04fccb
2023-03-10 20:29:44.820 [restartedMain] INFO  com.alibaba.nacos.client.config.impl.CacheData - [fixed-127.0.0.1_8848-7a1d058e-62e6-4c03-ba3c-36138e04fccb] [add-listener] ok, tenant=7a1d058e-62e6-4c03-ba3c-36138e04fccb, dataId=application-skip-url.yaml, group=COMMON_GROUP, cnt=1
2023-03-10 20:29:44.821 [restartedMain] INFO  com.alibaba.nacos.client.config.impl.ClientWorker - [fixed-127.0.0.1_8848-7a1d058e-62e6-4c03-ba3c-36138e04fccb] [subscribe] bdmp-public.yaml+COMMON_GROUP+7a1d058e-62e6-4c03-ba3c-36138e04fccb
2023-03-10 20:29:44.821 [restartedMain] INFO  com.alibaba.nacos.client.config.impl.CacheData - [fixed-127.0.0.1_8848-7a1d058e-62e6-4c03-ba3c-36138e04fccb] [add-listener] ok, tenant=7a1d058e-62e6-4c03-ba3c-36138e04fccb, dataId=bdmp-public.yaml, group=COMMON_GROUP, cnt=1
2023-03-10 20:30:13.000 [http-nio-60055-exec-1] INFO  o.a.c.c.C.[Tomcat].[localhost].[/bdmpPublic] - Initializing Spring DispatcherServlet 'dispatcherServlet'
2023-03-10 20:30:13.001 [http-nio-60055-exec-1] INFO  org.springframework.web.servlet.DispatcherServlet - Initializing Servlet 'dispatcherServlet'
2023-03-10 20:30:13.020 [http-nio-60055-exec-1] INFO  org.springframework.web.servlet.DispatcherServlet - Completed initialization in 19 ms
2023-03-10 20:30:18.784 [http-nio-60055-exec-1] INFO  com.netflix.config.ChainedDynamicProperty - Flipping property: system-manager-server.ribbon.ActiveConnectionsLimit to use NEXT property: niws.loadbalancer.availabilityFilteringRule.activeConnectionsLimit = 2147483647
2023-03-10 20:30:18.804 [http-nio-60055-exec-1] INFO  com.netflix.loadbalancer.BaseLoadBalancer - Client: system-manager-server instantiated a LoadBalancer: DynamicServerListLoadBalancer:{NFLoadBalancer:name=system-manager-server,current list of Servers=[],Load balancer stats=Zone stats: {},Server stats: []}ServerList:null
2023-03-10 20:30:18.812 [http-nio-60055-exec-1] INFO  c.n.loadbalancer.DynamicServerListLoadBalancer - Using serverListUpdater PollingServerListUpdater
2023-03-10 20:30:18.818 [http-nio-60055-exec-1] INFO  com.alibaba.nacos.client.naming - new ips(1) service: DEFAULT_GROUP@@system-manager-server -> [{"instanceId":"172.16.10.93#9100#DEFAULT#DEFAULT_GROUP@@system-manager-server","ip":"172.16.10.93","port":9100,"weight":1.0,"healthy":true,"enabled":true,"ephemeral":true,"clusterName":"DEFAULT","serviceName":"DEFAULT_GROUP@@system-manager-server","metadata":{"preserved.register.source":"SPRING_CLOUD"},"instanceHeartBeatTimeOut":15000,"instanceHeartBeatInterval":5000,"ipDeleteTimeout":30000}]
2023-03-10 20:30:18.833 [http-nio-60055-exec-1] INFO  com.alibaba.nacos.client.naming - current ips:(1) service: DEFAULT_GROUP@@system-manager-server -> [{"instanceId":"172.16.10.93#9100#DEFAULT#DEFAULT_GROUP@@system-manager-server","ip":"172.16.10.93","port":9100,"weight":1.0,"healthy":true,"enabled":true,"ephemeral":true,"clusterName":"DEFAULT","serviceName":"DEFAULT_GROUP@@system-manager-server","metadata":{"preserved.register.source":"SPRING_CLOUD"},"instanceHeartBeatTimeOut":15000,"instanceHeartBeatInterval":5000,"ipDeleteTimeout":30000}]
2023-03-10 20:30:18.844 [http-nio-60055-exec-1] INFO  com.netflix.config.ChainedDynamicProperty - Flipping property: system-manager-server.ribbon.ActiveConnectionsLimit to use NEXT property: niws.loadbalancer.availabilityFilteringRule.activeConnectionsLimit = 2147483647
2023-03-10 20:30:18.846 [http-nio-60055-exec-1] INFO  c.n.loadbalancer.DynamicServerListLoadBalancer - DynamicServerListLoadBalancer for client system-manager-server initialized: DynamicServerListLoadBalancer:{NFLoadBalancer:name=system-manager-server,current list of Servers=[172.16.10.93:9100],Load balancer stats=Zone stats: {unknown=[Zone:unknown;	Instance count:1;	Active connections count: 0;	Circuit breaker tripped count: 0;	Active connections per server: 0.0;]
},Server stats: [[Server:172.16.10.93:9100;	Zone:UNKNOWN;	Total Requests:0;	Successive connection failure:0;	Total blackout seconds:0;	Last connection made:Thu Jan 01 08:00:00 CST 1970;	First connection made: Thu Jan 01 08:00:00 CST 1970;	Active Connections:0;	total failure count in last (1000) msecs:0;	average resp time:0.0;	90 percentile resp time:0.0;	95 percentile resp time:0.0;	min resp time:0.0;	max resp time:0.0;	stddev resp time:0.0]
]}ServerList:com.alibaba.cloud.nacos.ribbon.NacosServerList@1d490eff
2023-03-10 20:30:19.824 [PollingServerListUpdater-0] INFO  com.netflix.config.ChainedDynamicProperty - Flipping property: system-manager-server.ribbon.ActiveConnectionsLimit to use NEXT property: niws.loadbalancer.availabilityFilteringRule.activeConnectionsLimit = 2147483647
